[6792:7836:1219/170638.641:INFO:CONSOLE(0)] "[DOM] Input elements should have autocomplete attributes (suggested: "current-password"): (More info: https://goo.gl/9p2vKq) %o", source: https://traodoisub.com/ (0)
[6792:7836:1219/170638.641:INFO:CONSOLE(0)] "[DOM] Input elements should have autocomplete attributes (suggested: "new-password"): (More info: https://goo.gl/9p2vKq) %o", source: https://traodoisub.com/ (0)
[6792:7836:1219/170638.641:INFO:CONSOLE(0)] "[DOM] Input elements should have autocomplete attributes (suggested: "new-password"): (More info: https://goo.gl/9p2vKq) %o", source: https://traodoisub.com/ (0)
[6792:7836:1219/170638.688:INFO:CONSOLE(1)] "Uncaught TypeError: Cannot read properties of null (reading 'setAttribute')", source:  (1)
[6792:7836:1219/170638.704:INFO:CONSOLE(19)] "Uncaught TypeError: window.AnchorJS is not a constructor", source: https://traodoisub.com/assets/js/theme.js (19)
[6792:7836:1219/170640.703:ERROR:device_event_log_impl.cc(215)] [17:06:40.703] USB: usb_device_handle_win.cc:1045 Failed to read descriptor from node connection: A device attached to the system is not functioning. (0x1F)
[6792:7836:1219/170640.705:ERROR:device_event_log_impl.cc(215)] [17:06:40.705] USB: usb_device_handle_win.cc:1045 Failed to read descriptor from node connection: A device attached to the system is not functioning. (0x1F)
[6792:7836:1219/170701.025:ERROR:interface_endpoint_client.cc(694)] Message 0 rejected by interface blink.mojom.WidgetHost
[6792:7836:1219/170701.715:INFO:CONSOLE(2)] "setTimer 清空数据", source: https://lf16-tiktok-web.ttwstatic.com/obj/tiktok-web/tiktok/webapp/main/webapp-desktop/npm-async-eb873fff.bbbd947fd4035f5fd0d2.js (2)
[6792:7836:1219/170701.715:INFO:CONSOLE(2)] "checkIsBrowser()  true", source: https://lf16-tiktok-web.ttwstatic.com/obj/tiktok-web/tiktok/webapp/main/webapp-desktop/npm-async-eb873fff.bbbd947fd4035f5fd0d2.js (2)
[6792:7836:1219/170701.840:INFO:CONSOLE(2)] "_initMp4Kernel.catch: TT-vCache-7176861279376706818 isDestroy:false _initPromise.isBreak:false Error: no_preload", source: https://lf16-tiktok-web.ttwstatic.com/obj/tiktok-web/tiktok/webapp/main/webapp-desktop/npm-async-eb873fff.bbbd947fd4035f5fd0d2.js (2)
[6792:7836:1219/170702.108:INFO:CONSOLE(0)] "[.WebGL-0000638800B3AA00]GL Driver Message (OpenGL, Performance, GL_CLOSE_PATH_NV, High): GPU stall due to ReadPixels", source: https://www.tiktok.com/@mantv.vn/video/7176861279376706818?is_from_webapp=v1&item_id=7176861279376706818 (0)
[6792:7836:1219/170702.163:INFO:CONSOLE(1)] "Canvas2D: Multiple readback operations using getImageData are faster with the willReadFrequently attribute set to true. See: https://html.spec.whatwg.org/multipage/canvas.html#concept-canvas-will-read-frequently", source: https://s20.tiktokcdn.com/tiktok/common/init.js?seed=AABt0ymFAQAAy7KHpovRzJT6GDxS8QLnwxGhxyRJaa7RzyvDsLVnAJPmHKYc&hTc6j8Njvn--z=q (1)
[6792:7836:1219/170702.177:INFO:CONSOLE(1)] ".", source: https://sf16-secsdk.ttwstatic.com/obj/rc-web-sdk-gcs/webmssdk/1.0.0.460/webmssdk.js (1)
[6792:7836:1219/170702.288:INFO:CONSOLE(1)] "Canvas2D: Multiple readback operations using getImageData are faster with the willReadFrequently attribute set to true. See: https://html.spec.whatwg.org/multipage/canvas.html#concept-canvas-will-read-frequently", source: https://s20.tiktokcdn.com/tiktok/common/init.js?seed=AABt0ymFAQAAy7KHpovRzJT6GDxS8QLnwxGhxyRJaa7RzyvDsLVnAJPmHKYc&hTc6j8Njvn--z=q (1)
[6792:7836:1219/170702.498:INFO:CONSOLE(1)] "%c[xgplayer] color: #525252; background-color: yellow;  >>>>playPromise.catch NotAllowedError", source: https://lf16-tiktok-web.ttwstatic.com/obj/tiktok-web/tiktok/webapp/main/webapp-desktop/npm-async-876a5629.4466da21cb6841e8e966.js (1)
[6792:7836:1219/170702.498:INFO:CONSOLE(1)] "%c[xgplayer] color: #525252; background-color: yellow;  >>>>playPromise.catch NotAllowedError", source: https://lf16-tiktok-web.ttwstatic.com/obj/tiktok-web/tiktok/webapp/main/webapp-desktop/npm-async-876a5629.4466da21cb6841e8e966.js (1)
[6792:7836:1219/170702.682:INFO:CONSOLE(1)] "Canvas2D: Multiple readback operations using getImageData are faster with the willReadFrequently attribute set to true. See: https://html.spec.whatwg.org/multipage/canvas.html#concept-canvas-will-read-frequently", source: https://s20.tiktokcdn.com/tiktok/common/init.js?seed=AABt0ymFAQAAy7KHpovRzJT6GDxS8QLnwxGhxyRJaa7RzyvDsLVnAJPmHKYc&hTc6j8Njvn--z=q (1)
[6792:7836:1219/170716.691:INFO:CONSOLE(0)] "Uncaught (in promise) AbortError: The play() request was interrupted because the media was removed from the document. https://goo.gl/LdLk22", source: https://www.tiktok.com/@mantv.vn/video/7176861279376706818?is_from_webapp=v1&item_id=7176861279376706818 (0)
[6792:7836:1219/170720.555:INFO:CONSOLE(0)] "Uncaught (in promise) AbortError: The play() request was interrupted because the media was removed from the document. https://goo.gl/LdLk22", source: https://www.tiktok.com/@mantv.vn/video/7176861279376706818?is_from_webapp=v1&item_id=7176861279376706818 (0)
[6792:7836:1219/170720.630:INFO:CONSOLE(0)] "Uncaught (in promise) AbortError: The play() request was interrupted because the media was removed from the document. https://goo.gl/LdLk22", source: https://www.tiktok.com/@mantv.vn/video/7176861279376706818?is_from_webapp=v1&item_id=7176861279376706818 (0)
[6792:7836:1219/170752.601:ERROR:interface_endpoint_client.cc(694)] Message 0 rejected by interface blink.mojom.WidgetHost
[6792:7836:1219/170753.568:INFO:CONSOLE(2)] "setTimer 清空数据", source: https://lf16-tiktok-web.ttwstatic.com/obj/tiktok-web/tiktok/webapp/main/webapp-desktop/npm-async-eb873fff.bbbd947fd4035f5fd0d2.js (2)
[6792:7836:1219/170753.569:INFO:CONSOLE(2)] "checkIsBrowser()  true", source: https://lf16-tiktok-web.ttwstatic.com/obj/tiktok-web/tiktok/webapp/main/webapp-desktop/npm-async-eb873fff.bbbd947fd4035f5fd0d2.js (2)
[6792:7836:1219/170753.687:INFO:CONSOLE(2)] "_initMp4Kernel.catch: TT-vCache-7174977240290135322 isDestroy:false _initPromise.isBreak:false Error: no_preload", source: https://lf16-tiktok-web.ttwstatic.com/obj/tiktok-web/tiktok/webapp/main/webapp-desktop/npm-async-eb873fff.bbbd947fd4035f5fd0d2.js (2)
[6792:7836:1219/170753.911:INFO:CONSOLE(0)] "[.WebGL-00003320003C2A00]GL Driver Message (OpenGL, Performance, GL_CLOSE_PATH_NV, High): GPU stall due to ReadPixels", source: https://www.tiktok.com/@thuongdlsg/video/7174977240290135322?is_from_webapp=v1&item_id=7174977240290135322 (0)
[6792:7836:1219/170753.957:INFO:CONSOLE(1)] "Canvas2D: Multiple readback operations using getImageData are faster with the willReadFrequently attribute set to true. See: https://html.spec.whatwg.org/multipage/canvas.html#concept-canvas-will-read-frequently", source: https://s20.tiktokcdn.com/tiktok/common/init.js?seed=AABt0ymFAQAAy7KHpovRzJT6GDxS8QLnwxGhxyRJaa7RzyvDsLVnAJPmHKYc&hTc6j8Njvn--z=q (1)
[6792:7836:1219/170753.974:INFO:CONSOLE(1)] ".", source: https://sf16-secsdk.ttwstatic.com/obj/rc-web-sdk-gcs/webmssdk/1.0.0.460/webmssdk.js (1)
[6792:7836:1219/170754.083:INFO:CONSOLE(1)] "Canvas2D: Multiple readback operations using getImageData are faster with the willReadFrequently attribute set to true. See: https://html.spec.whatwg.org/multipage/canvas.html#concept-canvas-will-read-frequently", source: https://s20.tiktokcdn.com/tiktok/common/init.js?seed=AABt0ymFAQAAy7KHpovRzJT6GDxS8QLnwxGhxyRJaa7RzyvDsLVnAJPmHKYc&hTc6j8Njvn--z=q (1)
[6792:7836:1219/170754.143:INFO:CONSOLE(1)] "%c[xgplayer] color: #525252; background-color: yellow;  >>>>playPromise.catch NotAllowedError", source: https://lf16-tiktok-web.ttwstatic.com/obj/tiktok-web/tiktok/webapp/main/webapp-desktop/npm-async-876a5629.4466da21cb6841e8e966.js (1)
[6792:7836:1219/170754.143:INFO:CONSOLE(1)] "%c[xgplayer] color: #525252; background-color: yellow;  >>>>playPromise.catch NotAllowedError", source: https://lf16-tiktok-web.ttwstatic.com/obj/tiktok-web/tiktok/webapp/main/webapp-desktop/npm-async-876a5629.4466da21cb6841e8e966.js (1)
[6792:7836:1219/170754.365:INFO:CONSOLE(1)] "Canvas2D: Multiple readback operations using getImageData are faster with the willReadFrequently attribute set to true. See: https://html.spec.whatwg.org/multipage/canvas.html#concept-canvas-will-read-frequently", source: https://s20.tiktokcdn.com/tiktok/common/init.js?seed=AABt0ymFAQAAy7KHpovRzJT6GDxS8QLnwxGhxyRJaa7RzyvDsLVnAJPmHKYc&hTc6j8Njvn--z=q (1)
[6792:7836:1219/170844.966:ERROR:interface_endpoint_client.cc(694)] Message 0 rejected by interface blink.mojom.WidgetHost
[6792:7836:1219/170852.233:INFO:CONSOLE(2)] "setTimer 清空数据", source: https://lf16-tiktok-web.ttwstatic.com/obj/tiktok-web/tiktok/webapp/main/webapp-desktop/npm-async-eb873fff.bbbd947fd4035f5fd0d2.js (2)
[6792:7836:1219/170852.234:INFO:CONSOLE(2)] "checkIsBrowser()  true", source: https://lf16-tiktok-web.ttwstatic.com/obj/tiktok-web/tiktok/webapp/main/webapp-desktop/npm-async-eb873fff.bbbd947fd4035f5fd0d2.js (2)
[6792:7836:1219/170852.356:INFO:CONSOLE(2)] "_initMp4Kernel.catch: TT-vCache-7177974052995255578 isDestroy:false _initPromise.isBreak:false Error: no_preload", source: https://lf16-tiktok-web.ttwstatic.com/obj/tiktok-web/tiktok/webapp/main/webapp-desktop/npm-async-eb873fff.bbbd947fd4035f5fd0d2.js (2)
[6792:7836:1219/170852.585:INFO:CONSOLE(0)] "[.WebGL-00000350003C4600]GL Driver Message (OpenGL, Performance, GL_CLOSE_PATH_NV, High): GPU stall due to ReadPixels", source: https://www.tiktok.com/@meabee0/video/7177974052995255578?is_from_webapp=v1&item_id=7177974052995255578 (0)
[6792:7836:1219/170852.634:INFO:CONSOLE(1)] "Canvas2D: Multiple readback operations using getImageData are faster with the willReadFrequently attribute set to true. See: https://html.spec.whatwg.org/multipage/canvas.html#concept-canvas-will-read-frequently", source: https://s20.tiktokcdn.com/tiktok/common/init.js?seed=AABt0ymFAQAAy7KHpovRzJT6GDxS8QLnwxGhxyRJaa7RzyvDsLVnAJPmHKYc&hTc6j8Njvn--z=q (1)
[6792:7836:1219/170852.650:INFO:CONSOLE(1)] ".", source: https://sf16-secsdk.ttwstatic.com/obj/rc-web-sdk-gcs/webmssdk/1.0.0.460/webmssdk.js (1)
[6792:7836:1219/170852.748:INFO:CONSOLE(1)] "Canvas2D: Multiple readback operations using getImageData are faster with the willReadFrequently attribute set to true. See: https://html.spec.whatwg.org/multipage/canvas.html#concept-canvas-will-read-frequently", source: https://s20.tiktokcdn.com/tiktok/common/init.js?seed=AABt0ymFAQAAy7KHpovRzJT6GDxS8QLnwxGhxyRJaa7RzyvDsLVnAJPmHKYc&hTc6j8Njvn--z=q (1)
[6792:7836:1219/170852.918:INFO:CONSOLE(1)] "%c[xgplayer] color: #525252; background-color: yellow;  >>>>playPromise.catch NotAllowedError", source: https://lf16-tiktok-web.ttwstatic.com/obj/tiktok-web/tiktok/webapp/main/webapp-desktop/npm-async-876a5629.4466da21cb6841e8e966.js (1)
[6792:7836:1219/170852.918:INFO:CONSOLE(1)] "%c[xgplayer] color: #525252; background-color: yellow;  >>>>playPromise.catch NotAllowedError", source: https://lf16-tiktok-web.ttwstatic.com/obj/tiktok-web/tiktok/webapp/main/webapp-desktop/npm-async-876a5629.4466da21cb6841e8e966.js (1)
[6792:7836:1219/170853.126:INFO:CONSOLE(1)] "Canvas2D: Multiple readback operations using getImageData are faster with the willReadFrequently attribute set to true. See: https://html.spec.whatwg.org/multipage/canvas.html#concept-canvas-will-read-frequently", source: https://s20.tiktokcdn.com/tiktok/common/init.js?seed=AABt0ymFAQAAy7KHpovRzJT6GDxS8QLnwxGhxyRJaa7RzyvDsLVnAJPmHKYc&hTc6j8Njvn--z=q (1)
[6792:7836:1219/170855.141:INFO:CONSOLE(0)] "Uncaught (in promise) AbortError: The play() request was interrupted because the media was removed from the document. https://goo.gl/LdLk22", source: https://www.tiktok.com/@meabee0/video/7177974052995255578?is_from_webapp=v1&item_id=7177974052995255578 (0)
[6792:7836:1219/170937.677:INFO:CONSOLE(2)] "setTimer 清空数据", source: https://lf16-tiktok-web.ttwstatic.com/obj/tiktok-web/tiktok/webapp/main/webapp-desktop/npm-async-eb873fff.bbbd947fd4035f5fd0d2.js (2)
[6792:7836:1219/170937.678:INFO:CONSOLE(2)] "checkIsBrowser()  true", source: https://lf16-tiktok-web.ttwstatic.com/obj/tiktok-web/tiktok/webapp/main/webapp-desktop/npm-async-eb873fff.bbbd947fd4035f5fd0d2.js (2)
[6792:7836:1219/170937.793:INFO:CONSOLE(2)] "_initMp4Kernel.catch: TT-vCache-7177262694783929627 isDestroy:false _initPromise.isBreak:false Error: no_preload", source: https://lf16-tiktok-web.ttwstatic.com/obj/tiktok-web/tiktok/webapp/main/webapp-desktop/npm-async-eb873fff.bbbd947fd4035f5fd0d2.js (2)
[6792:7836:1219/170938.032:INFO:CONSOLE(0)] "[.WebGL-0000226800E51C00]GL Driver Message (OpenGL, Performance, GL_CLOSE_PATH_NV, High): GPU stall due to ReadPixels (this message will no longer repeat)", source: https://www.tiktok.com/@nhatlinhcondao/video/7177262694783929627?is_from_webapp=v1&item_id=7177262694783929627 (0)
[6792:7836:1219/170938.081:INFO:CONSOLE(1)] "Canvas2D: Multiple readback operations using getImageData are faster with the willReadFrequently attribute set to true. See: https://html.spec.whatwg.org/multipage/canvas.html#concept-canvas-will-read-frequently", source: https://s20.tiktokcdn.com/tiktok/common/init.js?seed=AABt0ymFAQAAy7KHpovRzJT6GDxS8QLnwxGhxyRJaa7RzyvDsLVnAJPmHKYc&hTc6j8Njvn--z=q (1)
[6792:7836:1219/170938.096:INFO:CONSOLE(1)] ".", source: https://sf16-secsdk.ttwstatic.com/obj/rc-web-sdk-gcs/webmssdk/1.0.0.460/webmssdk.js (1)
[6792:7836:1219/170938.201:INFO:CONSOLE(1)] "Canvas2D: Multiple readback operations using getImageData are faster with the willReadFrequently attribute set to true. See: https://html.spec.whatwg.org/multipage/canvas.html#concept-canvas-will-read-frequently", source: https://s20.tiktokcdn.com/tiktok/common/init.js?seed=AABt0ymFAQAAy7KHpovRzJT6GDxS8QLnwxGhxyRJaa7RzyvDsLVnAJPmHKYc&hTc6j8Njvn--z=q (1)
[6792:7836:1219/170938.284:INFO:CONSOLE(1)] "%c[xgplayer] color: #525252; background-color: yellow;  >>>>playPromise.catch NotAllowedError", source: https://lf16-tiktok-web.ttwstatic.com/obj/tiktok-web/tiktok/webapp/main/webapp-desktop/npm-async-876a5629.4466da21cb6841e8e966.js (1)
[6792:7836:1219/170938.284:INFO:CONSOLE(1)] "%c[xgplayer] color: #525252; background-color: yellow;  >>>>playPromise.catch NotAllowedError", source: https://lf16-tiktok-web.ttwstatic.com/obj/tiktok-web/tiktok/webapp/main/webapp-desktop/npm-async-876a5629.4466da21cb6841e8e966.js (1)
[6792:7836:1219/170938.631:INFO:CONSOLE(1)] "Canvas2D: Multiple readback operations using getImageData are faster with the willReadFrequently attribute set to true. See: https://html.spec.whatwg.org/multipage/canvas.html#concept-canvas-will-read-frequently", source: https://s20.tiktokcdn.com/tiktok/common/init.js?seed=AABt0ymFAQAAy7KHpovRzJT6GDxS8QLnwxGhxyRJaa7RzyvDsLVnAJPmHKYc&hTc6j8Njvn--z=q (1)
[6792:7836:1219/171029.275:ERROR:interface_endpoint_client.cc(694)] Message 0 rejected by interface blink.mojom.WidgetHost
[6792:7836:1219/171030.066:INFO:CONSOLE(2)] "setTimer 清空数据", source: https://lf16-tiktok-web.ttwstatic.com/obj/tiktok-web/tiktok/webapp/main/webapp-desktop/npm-async-eb873fff.bbbd947fd4035f5fd0d2.js (2)
[6792:7836:1219/171030.066:INFO:CONSOLE(2)] "checkIsBrowser()  true", source: https://lf16-tiktok-web.ttwstatic.com/obj/tiktok-web/tiktok/webapp/main/webapp-desktop/npm-async-eb873fff.bbbd947fd4035f5fd0d2.js (2)
[6792:7836:1219/171030.187:INFO:CONSOLE(2)] "_initMp4Kernel.catch: TT-vCache-7177974534186814746 isDestroy:false _initPromise.isBreak:false Error: no_preload", source: https://lf16-tiktok-web.ttwstatic.com/obj/tiktok-web/tiktok/webapp/main/webapp-desktop/npm-async-eb873fff.bbbd947fd4035f5fd0d2.js (2)
[6792:7836:1219/171030.492:INFO:CONSOLE(1)] "Canvas2D: Multiple readback operations using getImageData are faster with the willReadFrequently attribute set to true. See: https://html.spec.whatwg.org/multipage/canvas.html#concept-canvas-will-read-frequently", source: https://s20.tiktokcdn.com/tiktok/common/init.js?seed=AABt0ymFAQAAy7KHpovRzJT6GDxS8QLnwxGhxyRJaa7RzyvDsLVnAJPmHKYc&hTc6j8Njvn--z=q (1)
[6792:7836:1219/171030.506:INFO:CONSOLE(1)] ".", source: https://sf16-secsdk.ttwstatic.com/obj/rc-web-sdk-gcs/webmssdk/1.0.0.460/webmssdk.js (1)
[6792:7836:1219/171030.621:INFO:CONSOLE(1)] "Canvas2D: Multiple readback operations using getImageData are faster with the willReadFrequently attribute set to true. See: https://html.spec.whatwg.org/multipage/canvas.html#concept-canvas-will-read-frequently", source: https://s20.tiktokcdn.com/tiktok/common/init.js?seed=AABt0ymFAQAAy7KHpovRzJT6GDxS8QLnwxGhxyRJaa7RzyvDsLVnAJPmHKYc&hTc6j8Njvn--z=q (1)
[6792:7836:1219/171030.760:INFO:CONSOLE(1)] "%c[xgplayer] color: #525252; background-color: yellow;  >>>>playPromise.catch NotAllowedError", source: https://lf16-tiktok-web.ttwstatic.com/obj/tiktok-web/tiktok/webapp/main/webapp-desktop/npm-async-876a5629.4466da21cb6841e8e966.js (1)
[6792:7836:1219/171030.760:INFO:CONSOLE(1)] "%c[xgplayer] color: #525252; background-color: yellow;  >>>>playPromise.catch NotAllowedError", source: https://lf16-tiktok-web.ttwstatic.com/obj/tiktok-web/tiktok/webapp/main/webapp-desktop/npm-async-876a5629.4466da21cb6841e8e966.js (1)
[6792:7836:1219/171031.090:INFO:CONSOLE(1)] "Canvas2D: Multiple readback operations using getImageData are faster with the willReadFrequently attribute set to true. See: https://html.spec.whatwg.org/multipage/canvas.html#concept-canvas-will-read-frequently", source: https://s20.tiktokcdn.com/tiktok/common/init.js?seed=AABt0ymFAQAAy7KHpovRzJT6GDxS8QLnwxGhxyRJaa7RzyvDsLVnAJPmHKYc&hTc6j8Njvn--z=q (1)
[6792:7836:1219/171036.151:INFO:CONSOLE(0)] "Uncaught (in promise) AbortError: The play() request was interrupted because the media was removed from the document. https://goo.gl/LdLk22", source: https://www.tiktok.com/@shophongngoc/video/7177974534186814746?is_from_webapp=v1&item_id=7177974534186814746 (0)
[6792:7836:1219/171036.442:INFO:CONSOLE(0)] "Uncaught (in promise) AbortError: The play() request was interrupted because the media was removed from the document. https://goo.gl/LdLk22", source: https://www.tiktok.com/@shophongngoc/video/7177974534186814746?is_from_webapp=v1&item_id=7177974534186814746 (0)
[6792:7836:1219/171121.700:ERROR:interface_endpoint_client.cc(694)] Message 0 rejected by interface blink.mojom.WidgetHost
[6792:7836:1219/171122.290:INFO:CONSOLE(2)] "setTimer 清空数据", source: https://lf16-tiktok-web.ttwstatic.com/obj/tiktok-web/tiktok/webapp/main/webapp-desktop/npm-async-eb873fff.bbbd947fd4035f5fd0d2.js (2)
[6792:7836:1219/171122.291:INFO:CONSOLE(2)] "checkIsBrowser()  true", source: https://lf16-tiktok-web.ttwstatic.com/obj/tiktok-web/tiktok/webapp/main/webapp-desktop/npm-async-eb873fff.bbbd947fd4035f5fd0d2.js (2)
[6792:7836:1219/171122.412:INFO:CONSOLE(2)] "_initMp4Kernel.catch: TT-vCache-7178338293942160667 isDestroy:false _initPromise.isBreak:false Error: no_preload", source: https://lf16-tiktok-web.ttwstatic.com/obj/tiktok-web/tiktok/webapp/main/webapp-desktop/npm-async-eb873fff.bbbd947fd4035f5fd0d2.js (2)
[6792:7836:1219/171122.734:INFO:CONSOLE(1)] ".", source: https://sf16-secsdk.ttwstatic.com/obj/rc-web-sdk-gcs/webmssdk/1.0.0.460/webmssdk.js (1)
[6792:7836:1219/171122.851:INFO:CONSOLE(1)] "Canvas2D: Multiple readback operations using getImageData are faster with the willReadFrequently attribute set to true. See: https://html.spec.whatwg.org/multipage/canvas.html#concept-canvas-will-read-frequently", source: https://s20.tiktokcdn.com/tiktok/common/init.js?seed=AABt0ymFAQAAy7KHpovRzJT6GDxS8QLnwxGhxyRJaa7RzyvDsLVnAJPmHKYc&hTc6j8Njvn--z=q (1)
[6792:7836:1219/171122.862:INFO:CONSOLE(1)] "Canvas2D: Multiple readback operations using getImageData are faster with the willReadFrequently attribute set to true. See: https://html.spec.whatwg.org/multipage/canvas.html#concept-canvas-will-read-frequently", source: https://s20.tiktokcdn.com/tiktok/common/init.js?seed=AABt0ymFAQAAy7KHpovRzJT6GDxS8QLnwxGhxyRJaa7RzyvDsLVnAJPmHKYc&hTc6j8Njvn--z=q (1)
[6792:7836:1219/171123.198:INFO:CONSOLE(1)] "Canvas2D: Multiple readback operations using getImageData are faster with the willReadFrequently attribute set to true. See: https://html.spec.whatwg.org/multipage/canvas.html#concept-canvas-will-read-frequently", source: https://s20.tiktokcdn.com/tiktok/common/init.js?seed=AABt0ymFAQAAy7KHpovRzJT6GDxS8QLnwxGhxyRJaa7RzyvDsLVnAJPmHKYc&hTc6j8Njvn--z=q (1)
[6792:7836:1219/171124.371:INFO:CONSOLE(1)] "%c[xgplayer] color: #525252; background-color: yellow;  >>>>playPromise.catch NotAllowedError", source: https://lf16-tiktok-web.ttwstatic.com/obj/tiktok-web/tiktok/webapp/main/webapp-desktop/npm-async-876a5629.4466da21cb6841e8e966.js (1)
[6792:7836:1219/171124.371:INFO:CONSOLE(1)] "%c[xgplayer] color: #525252; background-color: yellow;  >>>>playPromise.catch NotAllowedError", source: https://lf16-tiktok-web.ttwstatic.com/obj/tiktok-web/tiktok/webapp/main/webapp-desktop/npm-async-876a5629.4466da21cb6841e8e966.js (1)
[6792:7836:1219/171213.701:ERROR:interface_endpoint_client.cc(694)] Message 0 rejected by interface blink.mojom.WidgetHost
[6792:7836:1219/171214.481:INFO:CONSOLE(2)] "setTimer 清空数据", source: https://lf16-tiktok-web.ttwstatic.com/obj/tiktok-web/tiktok/webapp/main/webapp-desktop/npm-async-eb873fff.bbbd947fd4035f5fd0d2.js (2)
[6792:7836:1219/171214.482:INFO:CONSOLE(2)] "checkIsBrowser()  true", source: https://lf16-tiktok-web.ttwstatic.com/obj/tiktok-web/tiktok/webapp/main/webapp-desktop/npm-async-eb873fff.bbbd947fd4035f5fd0d2.js (2)
[6792:7836:1219/171214.632:INFO:CONSOLE(2)] "_initMp4Kernel.catch: TT-vCache-7177315531433790747 isDestroy:false _initPromise.isBreak:false Error: no_preload", source: https://lf16-tiktok-web.ttwstatic.com/obj/tiktok-web/tiktok/webapp/main/webapp-desktop/npm-async-eb873fff.bbbd947fd4035f5fd0d2.js (2)
[6792:7836:1219/171215.004:INFO:CONSOLE(1)] "Canvas2D: Multiple readback operations using getImageData are faster with the willReadFrequently attribute set to true. See: https://html.spec.whatwg.org/multipage/canvas.html#concept-canvas-will-read-frequently", source: https://s20.tiktokcdn.com/tiktok/common/init.js?seed=AABt0ymFAQAAy7KHpovRzJT6GDxS8QLnwxGhxyRJaa7RzyvDsLVnAJPmHKYc&hTc6j8Njvn--z=q (1)
[6792:7836:1219/171215.022:INFO:CONSOLE(1)] ".", source: https://sf16-secsdk.ttwstatic.com/obj/rc-web-sdk-gcs/webmssdk/1.0.0.460/webmssdk.js (1)
[6792:7836:1219/171215.151:INFO:CONSOLE(1)] "Canvas2D: Multiple readback operations using getImageData are faster with the willReadFrequently attribute set to true. See: https://html.spec.whatwg.org/multipage/canvas.html#concept-canvas-will-read-frequently", source: https://s20.tiktokcdn.com/tiktok/common/init.js?seed=AABt0ymFAQAAy7KHpovRzJT6GDxS8QLnwxGhxyRJaa7RzyvDsLVnAJPmHKYc&hTc6j8Njvn--z=q (1)
[6792:7836:1219/171215.263:INFO:CONSOLE(1)] "%c[xgplayer] color: #525252; background-color: yellow;  >>>>playPromise.catch NotAllowedError", source: https://lf16-tiktok-web.ttwstatic.com/obj/tiktok-web/tiktok/webapp/main/webapp-desktop/npm-async-876a5629.4466da21cb6841e8e966.js (1)
[6792:7836:1219/171215.263:INFO:CONSOLE(1)] "%c[xgplayer] color: #525252; background-color: yellow;  >>>>playPromise.catch NotAllowedError", source: https://lf16-tiktok-web.ttwstatic.com/obj/tiktok-web/tiktok/webapp/main/webapp-desktop/npm-async-876a5629.4466da21cb6841e8e966.js (1)
[6792:7836:1219/171215.670:INFO:CONSOLE(1)] "Canvas2D: Multiple readback operations using getImageData are faster with the willReadFrequently attribute set to true. See: https://html.spec.whatwg.org/multipage/canvas.html#concept-canvas-will-read-frequently", source: https://s20.tiktokcdn.com/tiktok/common/init.js?seed=AABt0ymFAQAAy7KHpovRzJT6GDxS8QLnwxGhxyRJaa7RzyvDsLVnAJPmHKYc&hTc6j8Njvn--z=q (1)
[6792:7836:1219/171225.156:INFO:CONSOLE(0)] "Uncaught (in promise) AbortError: The play() request was interrupted because the media was removed from the document. https://goo.gl/LdLk22", source: https://www.tiktok.com/@bacsi.huy/video/7177315531433790747?is_from_webapp=v1&item_id=7177315531433790747 (0)
[6792:7836:1219/171225.193:INFO:CONSOLE(0)] "Uncaught (in promise) AbortError: The play() request was interrupted because the media was removed from the document. https://goo.gl/LdLk22", source: https://www.tiktok.com/@bacsi.huy/video/7177315531433790747?is_from_webapp=v1&item_id=7177315531433790747 (0)
[6792:7836:1219/171305.467:ERROR:interface_endpoint_client.cc(694)] Message 0 rejected by interface blink.mojom.WidgetHost
[6792:7836:1219/171306.196:INFO:CONSOLE(2)] "setTimer 清空数据", source: https://lf16-tiktok-web.ttwstatic.com/obj/tiktok-web/tiktok/webapp/main/webapp-desktop/npm-async-eb873fff.bbbd947fd4035f5fd0d2.js (2)
[6792:7836:1219/171306.197:INFO:CONSOLE(2)] "checkIsBrowser()  true", source: https://lf16-tiktok-web.ttwstatic.com/obj/tiktok-web/tiktok/webapp/main/webapp-desktop/npm-async-eb873fff.bbbd947fd4035f5fd0d2.js (2)
[6792:7836:1219/171306.333:INFO:CONSOLE(1)] "[SDK] 1671444786332        0 TypeError: e.sender is not a function", source: https://lf16-tiktok-web.ttwstatic.com/obj/tiktok-web/tiktok/webapp/main/webapp-desktop/npm-async-7847f50e.e61d531e9b7927af5483.js (1)
[6792:7836:1219/171306.350:INFO:CONSOLE(2)] "_initMp4Kernel.catch: TT-vCache-7174789708445125931 isDestroy:false _initPromise.isBreak:false Error: no_preload", source: https://lf16-tiktok-web.ttwstatic.com/obj/tiktok-web/tiktok/webapp/main/webapp-desktop/npm-async-eb873fff.bbbd947fd4035f5fd0d2.js (2)
[6792:7836:1219/171306.793:INFO:CONSOLE(1)] "Canvas2D: Multiple readback operations using getImageData are faster with the willReadFrequently attribute set to true. See: https://html.spec.whatwg.org/multipage/canvas.html#concept-canvas-will-read-frequently", source: https://s20.tiktokcdn.com/tiktok/common/init.js?seed=AABt0ymFAQAAy7KHpovRzJT6GDxS8QLnwxGhxyRJaa7RzyvDsLVnAJPmHKYc&hTc6j8Njvn--z=q (1)
[6792:7836:1219/171306.810:INFO:CONSOLE(1)] ".", source: https://sf16-secsdk.ttwstatic.com/obj/rc-web-sdk-gcs/webmssdk/1.0.0.460/webmssdk.js (1)
[6792:7836:1219/171306.934:INFO:CONSOLE(1)] "Canvas2D: Multiple readback operations using getImageData are faster with the willReadFrequently attribute set to true. See: https://html.spec.whatwg.org/multipage/canvas.html#concept-canvas-will-read-frequently", source: https://s20.tiktokcdn.com/tiktok/common/init.js?seed=AABt0ymFAQAAy7KHpovRzJT6GDxS8QLnwxGhxyRJaa7RzyvDsLVnAJPmHKYc&hTc6j8Njvn--z=q (1)
[6792:7836:1219/171307.060:INFO:CONSOLE(1)] "%c[xgplayer] color: #525252; background-color: yellow;  >>>>playPromise.catch NotAllowedError", source: https://lf16-tiktok-web.ttwstatic.com/obj/tiktok-web/tiktok/webapp/main/webapp-desktop/npm-async-876a5629.4466da21cb6841e8e966.js (1)
[6792:7836:1219/171307.060:INFO:CONSOLE(1)] "%c[xgplayer] color: #525252; background-color: yellow;  >>>>playPromise.catch NotAllowedError", source: https://lf16-tiktok-web.ttwstatic.com/obj/tiktok-web/tiktok/webapp/main/webapp-desktop/npm-async-876a5629.4466da21cb6841e8e966.js (1)
[6792:7836:1219/171307.540:INFO:CONSOLE(1)] "Canvas2D: Multiple readback operations using getImageData are faster with the willReadFrequently attribute set to true. See: https://html.spec.whatwg.org/multipage/canvas.html#concept-canvas-will-read-frequently", source: https://s20.tiktokcdn.com/tiktok/common/init.js?seed=AABt0ymFAQAAy7KHpovRzJT6GDxS8QLnwxGhxyRJaa7RzyvDsLVnAJPmHKYc&hTc6j8Njvn--z=q (1)
[6792:7836:1219/171319.503:INFO:CONSOLE(0)] "Uncaught (in promise) AbortError: The play() request was interrupted because the media was removed from the document. https://goo.gl/LdLk22", source: https://www.tiktok.com/@quano2jsm/video/7174789708445125931?is_from_webapp=v1&item_id=7174789708445125931 (0)
[6792:7836:1219/171319.635:INFO:CONSOLE(0)] "Uncaught (in promise) AbortError: The play() request was interrupted because the media was removed from the document. https://goo.gl/LdLk22", source: https://www.tiktok.com/@quano2jsm/video/7174789708445125931?is_from_webapp=v1&item_id=7174789708445125931 (0)
[6792:7836:1219/171358.642:INFO:CONSOLE(2)] "setTimer 清空数据", source: https://lf16-tiktok-web.ttwstatic.com/obj/tiktok-web/tiktok/webapp/main/webapp-desktop/npm-async-eb873fff.bbbd947fd4035f5fd0d2.js (2)
[6792:7836:1219/171358.644:INFO:CONSOLE(2)] "checkIsBrowser()  true", source: https://lf16-tiktok-web.ttwstatic.com/obj/tiktok-web/tiktok/webapp/main/webapp-desktop/npm-async-eb873fff.bbbd947fd4035f5fd0d2.js (2)
[6792:7836:1219/171358.824:INFO:CONSOLE(2)] "_initMp4Kernel.catch: TT-vCache-7090954923122248986 isDestroy:false _initPromise.isBreak:false Error: no_preload", source: https://lf16-tiktok-web.ttwstatic.com/obj/tiktok-web/tiktok/webapp/main/webapp-desktop/npm-async-eb873fff.bbbd947fd4035f5fd0d2.js (2)
[6792:7836:1219/171359.230:INFO:CONSOLE(1)] "Canvas2D: Multiple readback operations using getImageData are faster with the willReadFrequently attribute set to true. See: https://html.spec.whatwg.org/multipage/canvas.html#concept-canvas-will-read-frequently", source: https://s20.tiktokcdn.com/tiktok/common/init.js?seed=AABt0ymFAQAAy7KHpovRzJT6GDxS8QLnwxGhxyRJaa7RzyvDsLVnAJPmHKYc&hTc6j8Njvn--z=q (1)
[6792:7836:1219/171359.259:INFO:CONSOLE(1)] ".", source: https://sf16-secsdk.ttwstatic.com/obj/rc-web-sdk-gcs/webmssdk/1.0.0.460/webmssdk.js (1)
[6792:7836:1219/171359.445:INFO:CONSOLE(1)] "Canvas2D: Multiple readback operations using getImageData are faster with the willReadFrequently attribute set to true. See: https://html.spec.whatwg.org/multipage/canvas.html#concept-canvas-will-read-frequently", source: https://s20.tiktokcdn.com/tiktok/common/init.js?seed=AABt0ymFAQAAy7KHpovRzJT6GDxS8QLnwxGhxyRJaa7RzyvDsLVnAJPmHKYc&hTc6j8Njvn--z=q (1)
[6792:7836:1219/171359.918:INFO:CONSOLE(1)] "Canvas2D: Multiple readback operations using getImageData are faster with the willReadFrequently attribute set to true. See: https://html.spec.whatwg.org/multipage/canvas.html#concept-canvas-will-read-frequently", source: https://s20.tiktokcdn.com/tiktok/common/init.js?seed=AABt0ymFAQAAy7KHpovRzJT6GDxS8QLnwxGhxyRJaa7RzyvDsLVnAJPmHKYc&hTc6j8Njvn--z=q (1)
[6792:7836:1219/171400.451:INFO:CONSOLE(1)] "%c[xgplayer] color: #525252; background-color: yellow;  >>>>playPromise.catch NotAllowedError", source: https://lf16-tiktok-web.ttwstatic.com/obj/tiktok-web/tiktok/webapp/main/webapp-desktop/npm-async-876a5629.4466da21cb6841e8e966.js (1)
[6792:7836:1219/171400.451:INFO:CONSOLE(1)] "%c[xgplayer] color: #525252; background-color: yellow;  >>>>playPromise.catch NotAllowedError", source: https://lf16-tiktok-web.ttwstatic.com/obj/tiktok-web/tiktok/webapp/main/webapp-desktop/npm-async-876a5629.4466da21cb6841e8e966.js (1)
[6792:7836:1219/171450.851:INFO:CONSOLE(2)] "setTimer 清空数据", source: https://lf16-tiktok-web.ttwstatic.com/obj/tiktok-web/tiktok/webapp/main/webapp-desktop/npm-async-eb873fff.bbbd947fd4035f5fd0d2.js (2)
[6792:7836:1219/171450.851:INFO:CONSOLE(2)] "checkIsBrowser()  true", source: https://lf16-tiktok-web.ttwstatic.com/obj/tiktok-web/tiktok/webapp/main/webapp-desktop/npm-async-eb873fff.bbbd947fd4035f5fd0d2.js (2)
[6792:7836:1219/171450.999:INFO:CONSOLE(2)] "_initMp4Kernel.catch: TT-vCache-7178410681270652187 isDestroy:false _initPromise.isBreak:false Error: no_preload", source: https://lf16-tiktok-web.ttwstatic.com/obj/tiktok-web/tiktok/webapp/main/webapp-desktop/npm-async-eb873fff.bbbd947fd4035f5fd0d2.js (2)
[6792:7836:1219/171451.359:INFO:CONSOLE(1)] "Canvas2D: Multiple readback operations using getImageData are faster with the willReadFrequently attribute set to true. See: https://html.spec.whatwg.org/multipage/canvas.html#concept-canvas-will-read-frequently", source: https://s20.tiktokcdn.com/tiktok/common/init.js?seed=AABt0ymFAQAAy7KHpovRzJT6GDxS8QLnwxGhxyRJaa7RzyvDsLVnAJPmHKYc&hTc6j8Njvn--z=q (1)
[6792:7836:1219/171451.377:INFO:CONSOLE(1)] ".", source: https://sf16-secsdk.ttwstatic.com/obj/rc-web-sdk-gcs/webmssdk/1.0.0.460/webmssdk.js (1)
[6792:7836:1219/171451.516:INFO:CONSOLE(1)] "Canvas2D: Multiple readback operations using getImageData are faster with the willReadFrequently attribute set to true. See: https://html.spec.whatwg.org/multipage/canvas.html#concept-canvas-will-read-frequently", source: https://s20.tiktokcdn.com/tiktok/common/init.js?seed=AABt0ymFAQAAy7KHpovRzJT6GDxS8QLnwxGhxyRJaa7RzyvDsLVnAJPmHKYc&hTc6j8Njvn--z=q (1)
[6792:7836:1219/171451.635:INFO:CONSOLE(1)] "%c[xgplayer] color: #525252; background-color: yellow;  >>>>playPromise.catch NotAllowedError", source: https://lf16-tiktok-web.ttwstatic.com/obj/tiktok-web/tiktok/webapp/main/webapp-desktop/npm-async-876a5629.4466da21cb6841e8e966.js (1)
[6792:7836:1219/171451.635:INFO:CONSOLE(1)] "%c[xgplayer] color: #525252; background-color: yellow;  >>>>playPromise.catch NotAllowedError", source: https://lf16-tiktok-web.ttwstatic.com/obj/tiktok-web/tiktok/webapp/main/webapp-desktop/npm-async-876a5629.4466da21cb6841e8e966.js (1)
[6792:7836:1219/171452.018:INFO:CONSOLE(1)] "Canvas2D: Multiple readback operations using getImageData are faster with the willReadFrequently attribute set to true. See: https://html.spec.whatwg.org/multipage/canvas.html#concept-canvas-will-read-frequently", source: https://s20.tiktokcdn.com/tiktok/common/init.js?seed=AABt0ymFAQAAy7KHpovRzJT6GDxS8QLnwxGhxyRJaa7RzyvDsLVnAJPmHKYc&hTc6j8Njvn--z=q (1)
[6792:7836:1219/171543.412:INFO:CONSOLE(2)] "setTimer 清空数据", source: https://lf16-tiktok-web.ttwstatic.com/obj/tiktok-web/tiktok/webapp/main/webapp-desktop/npm-async-eb873fff.bbbd947fd4035f5fd0d2.js (2)
[6792:7836:1219/171543.413:INFO:CONSOLE(2)] "checkIsBrowser()  true", source: https://lf16-tiktok-web.ttwstatic.com/obj/tiktok-web/tiktok/webapp/main/webapp-desktop/npm-async-eb873fff.bbbd947fd4035f5fd0d2.js (2)
[6792:7836:1219/171543.612:INFO:CONSOLE(2)] "_initMp4Kernel.catch: TT-vCache-7176937560017554715 isDestroy:false _initPromise.isBreak:false Error: no_preload", source: https://lf16-tiktok-web.ttwstatic.com/obj/tiktok-web/tiktok/webapp/main/webapp-desktop/npm-async-eb873fff.bbbd947fd4035f5fd0d2.js (2)
[6792:7836:1219/171544.043:INFO:CONSOLE(1)] "Canvas2D: Multiple readback operations using getImageData are faster with the willReadFrequently attribute set to true. See: https://html.spec.whatwg.org/multipage/canvas.html#concept-canvas-will-read-frequently", source: https://s20.tiktokcdn.com/tiktok/common/init.js?seed=AABt0ymFAQAAy7KHpovRzJT6GDxS8QLnwxGhxyRJaa7RzyvDsLVnAJPmHKYc&hTc6j8Njvn--z=q (1)
[6792:7836:1219/171544.070:INFO:CONSOLE(1)] ".", source: https://sf16-secsdk.ttwstatic.com/obj/rc-web-sdk-gcs/webmssdk/1.0.0.460/webmssdk.js (1)
[6792:7836:1219/171544.260:INFO:CONSOLE(1)] "Canvas2D: Multiple readback operations using getImageData are faster with the willReadFrequently attribute set to true. See: https://html.spec.whatwg.org/multipage/canvas.html#concept-canvas-will-read-frequently", source: https://s20.tiktokcdn.com/tiktok/common/init.js?seed=AABt0ymFAQAAy7KHpovRzJT6GDxS8QLnwxGhxyRJaa7RzyvDsLVnAJPmHKYc&hTc6j8Njvn--z=q (1)
[6792:7836:1219/171544.374:INFO:CONSOLE(1)] "%c[xgplayer] color: #525252; background-color: yellow;  >>>>playPromise.catch NotAllowedError", source: https://lf16-tiktok-web.ttwstatic.com/obj/tiktok-web/tiktok/webapp/main/webapp-desktop/npm-async-876a5629.4466da21cb6841e8e966.js (1)
[6792:7836:1219/171544.374:INFO:CONSOLE(1)] "%c[xgplayer] color: #525252; background-color: yellow;  >>>>playPromise.catch NotAllowedError", source: https://lf16-tiktok-web.ttwstatic.com/obj/tiktok-web/tiktok/webapp/main/webapp-desktop/npm-async-876a5629.4466da21cb6841e8e966.js (1)
[6792:7836:1219/171544.814:INFO:CONSOLE(1)] "Canvas2D: Multiple readback operations using getImageData are faster with the willReadFrequently attribute set to true. See: https://html.spec.whatwg.org/multipage/canvas.html#concept-canvas-will-read-frequently", source: https://s20.tiktokcdn.com/tiktok/common/init.js?seed=AABt0ymFAQAAy7KHpovRzJT6GDxS8QLnwxGhxyRJaa7RzyvDsLVnAJPmHKYc&hTc6j8Njvn--z=q (1)
[6792:7836:1219/171635.342:INFO:CONSOLE(2)] "setTimer 清空数据", source: https://lf16-tiktok-web.ttwstatic.com/obj/tiktok-web/tiktok/webapp/main/webapp-desktop/npm-async-eb873fff.bbbd947fd4035f5fd0d2.js (2)
[6792:7836:1219/171635.342:INFO:CONSOLE(2)] "checkIsBrowser()  true", source: https://lf16-tiktok-web.ttwstatic.com/obj/tiktok-web/tiktok/webapp/main/webapp-desktop/npm-async-eb873fff.bbbd947fd4035f5fd0d2.js (2)
[6792:7836:1219/171635.502:INFO:CONSOLE(2)] "_initMp4Kernel.catch: TT-vCache-7175800305290890522 isDestroy:false _initPromise.isBreak:false Error: no_preload", source: https://lf16-tiktok-web.ttwstatic.com/obj/tiktok-web/tiktok/webapp/main/webapp-desktop/npm-async-eb873fff.bbbd947fd4035f5fd0d2.js (2)
[6792:7836:1219/171635.822:INFO:CONSOLE(1)] "Canvas2D: Multiple readback operations using getImageData are faster with the willReadFrequently attribute set to true. See: https://html.spec.whatwg.org/multipage/canvas.html#concept-canvas-will-read-frequently", source: https://s20.tiktokcdn.com/tiktok/common/init.js?seed=AABt0ymFAQAAy7KHpovRzJT6GDxS8QLnwxGhxyRJaa7RzyvDsLVnAJPmHKYc&hTc6j8Njvn--z=q (1)
[6792:7836:1219/171635.870:INFO:CONSOLE(1)] "Canvas2D: Multiple readback operations using getImageData are faster with the willReadFrequently attribute set to true. See: https://html.spec.whatwg.org/multipage/canvas.html#concept-canvas-will-read-frequently", source: https://s20.tiktokcdn.com/tiktok/common/init.js?seed=AABt0ymFAQAAy7KHpovRzJT6GDxS8QLnwxGhxyRJaa7RzyvDsLVnAJPmHKYc&hTc6j8Njvn--z=q (1)
[6792:7836:1219/171635.912:INFO:CONSOLE(1)] ".", source: https://sf16-secsdk.ttwstatic.com/obj/rc-web-sdk-gcs/webmssdk/1.0.0.460/webmssdk.js (1)
[6792:7836:1219/171636.102:INFO:CONSOLE(1)] "%c[xgplayer] color: #525252; background-color: yellow;  >>>>playPromise.catch NotAllowedError", source: https://lf16-tiktok-web.ttwstatic.com/obj/tiktok-web/tiktok/webapp/main/webapp-desktop/npm-async-876a5629.4466da21cb6841e8e966.js (1)
[6792:7836:1219/171636.103:INFO:CONSOLE(1)] "%c[xgplayer] color: #525252; background-color: yellow;  >>>>playPromise.catch NotAllowedError", source: https://lf16-tiktok-web.ttwstatic.com/obj/tiktok-web/tiktok/webapp/main/webapp-desktop/npm-async-876a5629.4466da21cb6841e8e966.js (1)
[6792:7836:1219/171636.570:INFO:CONSOLE(1)] "Canvas2D: Multiple readback operations using getImageData are faster with the willReadFrequently attribute set to true. See: https://html.spec.whatwg.org/multipage/canvas.html#concept-canvas-will-read-frequently", source: https://s20.tiktokcdn.com/tiktok/common/init.js?seed=AABt0ymFAQAAy7KHpovRzJT6GDxS8QLnwxGhxyRJaa7RzyvDsLVnAJPmHKYc&hTc6j8Njvn--z=q (1)
[6792:7836:1219/171727.406:INFO:CONSOLE(2)] "setTimer 清空数据", source: https://lf16-tiktok-web.ttwstatic.com/obj/tiktok-web/tiktok/webapp/main/webapp-desktop/npm-async-eb873fff.bbbd947fd4035f5fd0d2.js (2)
[6792:7836:1219/171727.406:INFO:CONSOLE(2)] "checkIsBrowser()  true", source: https://lf16-tiktok-web.ttwstatic.com/obj/tiktok-web/tiktok/webapp/main/webapp-desktop/npm-async-eb873fff.bbbd947fd4035f5fd0d2.js (2)
[6792:7836:1219/171727.530:INFO:CONSOLE(2)] "_initMp4Kernel.catch: TT-vCache-7178716134772886810 isDestroy:false _initPromise.isBreak:false Error: no_preload", source: https://lf16-tiktok-web.ttwstatic.com/obj/tiktok-web/tiktok/webapp/main/webapp-desktop/npm-async-eb873fff.bbbd947fd4035f5fd0d2.js (2)
[6792:7836:1219/171727.826:INFO:CONSOLE(1)] "Canvas2D: Multiple readback operations using getImageData are faster with the willReadFrequently attribute set to true. See: https://html.spec.whatwg.org/multipage/canvas.html#concept-canvas-will-read-frequently", source: https://s20.tiktokcdn.com/tiktok/common/init.js?seed=AABt0ymFAQAAy7KHpovRzJT6GDxS8QLnwxGhxyRJaa7RzyvDsLVnAJPmHKYc&hTc6j8Njvn--z=q (1)
[6792:7836:1219/171727.889:INFO:CONSOLE(1)] ".", source: https://sf16-secsdk.ttwstatic.com/obj/rc-web-sdk-gcs/webmssdk/1.0.0.460/webmssdk.js (1)
[6792:7836:1219/171727.976:INFO:CONSOLE(1)] "Canvas2D: Multiple readback operations using getImageData are faster with the willReadFrequently attribute set to true. See: https://html.spec.whatwg.org/multipage/canvas.html#concept-canvas-will-read-frequently", source: https://s20.tiktokcdn.com/tiktok/common/init.js?seed=AABt0ymFAQAAy7KHpovRzJT6GDxS8QLnwxGhxyRJaa7RzyvDsLVnAJPmHKYc&hTc6j8Njvn--z=q (1)
[6792:7836:1219/171728.033:INFO:CONSOLE(1)] "%c[xgplayer] color: #525252; background-color: yellow;  >>>>playPromise.catch NotAllowedError", source: https://lf16-tiktok-web.ttwstatic.com/obj/tiktok-web/tiktok/webapp/main/webapp-desktop/npm-async-876a5629.4466da21cb6841e8e966.js (1)
[6792:7836:1219/171728.033:INFO:CONSOLE(1)] "%c[xgplayer] color: #525252; background-color: yellow;  >>>>playPromise.catch NotAllowedError", source: https://lf16-tiktok-web.ttwstatic.com/obj/tiktok-web/tiktok/webapp/main/webapp-desktop/npm-async-876a5629.4466da21cb6841e8e966.js (1)
[6792:7836:1219/171728.321:INFO:CONSOLE(1)] "Canvas2D: Multiple readback operations using getImageData are faster with the willReadFrequently attribute set to true. See: https://html.spec.whatwg.org/multipage/canvas.html#concept-canvas-will-read-frequently", source: https://s20.tiktokcdn.com/tiktok/common/init.js?seed=AABt0ymFAQAAy7KHpovRzJT6GDxS8QLnwxGhxyRJaa7RzyvDsLVnAJPmHKYc&hTc6j8Njvn--z=q (1)
[6792:7836:1219/171819.669:INFO:CONSOLE(2)] "setTimer 清空数据", source: https://lf16-tiktok-web.ttwstatic.com/obj/tiktok-web/tiktok/webapp/main/webapp-desktop/npm-async-eb873fff.bbbd947fd4035f5fd0d2.js (2)
[6792:7836:1219/171819.670:INFO:CONSOLE(2)] "checkIsBrowser()  true", source: https://lf16-tiktok-web.ttwstatic.com/obj/tiktok-web/tiktok/webapp/main/webapp-desktop/npm-async-eb873fff.bbbd947fd4035f5fd0d2.js (2)
[6792:7836:1219/171819.800:INFO:CONSOLE(2)] "_initMp4Kernel.catch: TT-vCache-7174708422619811098 isDestroy:false _initPromise.isBreak:false Error: no_preload", source: https://lf16-tiktok-web.ttwstatic.com/obj/tiktok-web/tiktok/webapp/main/webapp-desktop/npm-async-eb873fff.bbbd947fd4035f5fd0d2.js (2)
[6792:7836:1219/171820.120:INFO:CONSOLE(1)] "Canvas2D: Multiple readback operations using getImageData are faster with the willReadFrequently attribute set to true. See: https://html.spec.whatwg.org/multipage/canvas.html#concept-canvas-will-read-frequently", source: https://s20.tiktokcdn.com/tiktok/common/init.js?seed=AABt0ymFAQAAy7KHpovRzJT6GDxS8QLnwxGhxyRJaa7RzyvDsLVnAJPmHKYc&hTc6j8Njvn--z=q (1)
[6792:7836:1219/171820.137:INFO:CONSOLE(1)] ".", source: https://sf16-secsdk.ttwstatic.com/obj/rc-web-sdk-gcs/webmssdk/1.0.0.460/webmssdk.js (1)
[6792:7836:1219/171820.237:INFO:CONSOLE(1)] "Canvas2D: Multiple readback operations using getImageData are faster with the willReadFrequently attribute set to true. See: https://html.spec.whatwg.org/multipage/canvas.html#concept-canvas-will-read-frequently", source: https://s20.tiktokcdn.com/tiktok/common/init.js?seed=AABt0ymFAQAAy7KHpovRzJT6GDxS8QLnwxGhxyRJaa7RzyvDsLVnAJPmHKYc&hTc6j8Njvn--z=q (1)
[6792:7836:1219/171820.630:INFO:CONSOLE(1)] "Canvas2D: Multiple readback operations using getImageData are faster with the willReadFrequently attribute set to true. See: https://html.spec.whatwg.org/multipage/canvas.html#concept-canvas-will-read-frequently", source: https://s20.tiktokcdn.com/tiktok/common/init.js?seed=AABt0ymFAQAAy7KHpovRzJT6GDxS8QLnwxGhxyRJaa7RzyvDsLVnAJPmHKYc&hTc6j8Njvn--z=q (1)
[6792:7836:1219/171821.970:INFO:CONSOLE(1)] "%c[xgplayer] color: #525252; background-color: yellow;  >>>>playPromise.catch NotAllowedError", source: https://lf16-tiktok-web.ttwstatic.com/obj/tiktok-web/tiktok/webapp/main/webapp-desktop/npm-async-876a5629.4466da21cb6841e8e966.js (1)
[6792:7836:1219/171821.970:INFO:CONSOLE(1)] "%c[xgplayer] color: #525252; background-color: yellow;  >>>>playPromise.catch NotAllowedError", source: https://lf16-tiktok-web.ttwstatic.com/obj/tiktok-web/tiktok/webapp/main/webapp-desktop/npm-async-876a5629.4466da21cb6841e8e966.js (1)
[6792:7836:1219/171911.560:ERROR:interface_endpoint_client.cc(694)] Message 0 rejected by interface blink.mojom.WidgetHost
[6792:7836:1219/171912.354:INFO:CONSOLE(2)] "setTimer 清空数据", source: https://lf16-tiktok-web.ttwstatic.com/obj/tiktok-web/tiktok/webapp/main/webapp-desktop/npm-async-eb873fff.bbbd947fd4035f5fd0d2.js (2)
[6792:7836:1219/171912.354:INFO:CONSOLE(2)] "checkIsBrowser()  true", source: https://lf16-tiktok-web.ttwstatic.com/obj/tiktok-web/tiktok/webapp/main/webapp-desktop/npm-async-eb873fff.bbbd947fd4035f5fd0d2.js (2)
[6792:7836:1219/171912.489:INFO:CONSOLE(2)] "_initMp4Kernel.catch: TT-vCache-7177276488624950529 isDestroy:false _initPromise.isBreak:false Error: no_preload", source: https://lf16-tiktok-web.ttwstatic.com/obj/tiktok-web/tiktok/webapp/main/webapp-desktop/npm-async-eb873fff.bbbd947fd4035f5fd0d2.js (2)
[6792:7836:1219/171912.833:INFO:CONSOLE(1)] "Canvas2D: Multiple readback operations using getImageData are faster with the willReadFrequently attribute set to true. See: https://html.spec.whatwg.org/multipage/canvas.html#concept-canvas-will-read-frequently", source: https://s20.tiktokcdn.com/tiktok/common/init.js?seed=AABt0ymFAQAAy7KHpovRzJT6GDxS8QLnwxGhxyRJaa7RzyvDsLVnAJPmHKYc&hTc6j8Njvn--z=q (1)
[6792:7836:1219/171912.855:INFO:CONSOLE(1)] ".", source: https://sf16-secsdk.ttwstatic.com/obj/rc-web-sdk-gcs/webmssdk/1.0.0.460/webmssdk.js (1)
[6792:7836:1219/171912.991:INFO:CONSOLE(1)] "Canvas2D: Multiple readback operations using getImageData are faster with the willReadFrequently attribute set to true. See: https://html.spec.whatwg.org/multipage/canvas.html#concept-canvas-will-read-frequently", source: https://s20.tiktokcdn.com/tiktok/common/init.js?seed=AABt0ymFAQAAy7KHpovRzJT6GDxS8QLnwxGhxyRJaa7RzyvDsLVnAJPmHKYc&hTc6j8Njvn--z=q (1)
[6792:7836:1219/171913.118:INFO:CONSOLE(1)] "%c[xgplayer] color: #525252; background-color: yellow;  >>>>playPromise.catch NotAllowedError", source: https://lf16-tiktok-web.ttwstatic.com/obj/tiktok-web/tiktok/webapp/main/webapp-desktop/npm-async-876a5629.4466da21cb6841e8e966.js (1)
[6792:7836:1219/171913.118:INFO:CONSOLE(1)] "%c[xgplayer] color: #525252; background-color: yellow;  >>>>playPromise.catch NotAllowedError", source: https://lf16-tiktok-web.ttwstatic.com/obj/tiktok-web/tiktok/webapp/main/webapp-desktop/npm-async-876a5629.4466da21cb6841e8e966.js (1)
[6792:7836:1219/171913.577:INFO:CONSOLE(1)] "Canvas2D: Multiple readback operations using getImageData are faster with the willReadFrequently attribute set to true. See: https://html.spec.whatwg.org/multipage/canvas.html#concept-canvas-will-read-frequently", source: https://s20.tiktokcdn.com/tiktok/common/init.js?seed=AABt0ymFAQAAy7KHpovRzJT6GDxS8QLnwxGhxyRJaa7RzyvDsLVnAJPmHKYc&hTc6j8Njvn--z=q (1)
[6792:7836:1219/172004.140:INFO:CONSOLE(2)] "setTimer 清空数据", source: https://lf16-tiktok-web.ttwstatic.com/obj/tiktok-web/tiktok/webapp/main/webapp-desktop/npm-async-eb873fff.bbbd947fd4035f5fd0d2.js (2)
[6792:7836:1219/172004.140:INFO:CONSOLE(2)] "checkIsBrowser()  true", source: https://lf16-tiktok-web.ttwstatic.com/obj/tiktok-web/tiktok/webapp/main/webapp-desktop/npm-async-eb873fff.bbbd947fd4035f5fd0d2.js (2)
[6792:7836:1219/172004.300:INFO:CONSOLE(2)] "_initMp4Kernel.catch: TT-vCache-7177633546675309829 isDestroy:false _initPromise.isBreak:false Error: no_preload", source: https://lf16-tiktok-web.ttwstatic.com/obj/tiktok-web/tiktok/webapp/main/webapp-desktop/npm-async-eb873fff.bbbd947fd4035f5fd0d2.js (2)
[6792:7836:1219/172004.632:INFO:CONSOLE(1)] "Canvas2D: Multiple readback operations using getImageData are faster with the willReadFrequently attribute set to true. See: https://html.spec.whatwg.org/multipage/canvas.html#concept-canvas-will-read-frequently", source: https://s20.tiktokcdn.com/tiktok/common/init.js?seed=AABt0ymFAQAAy7KHpovRzJT6GDxS8QLnwxGhxyRJaa7RzyvDsLVnAJPmHKYc&hTc6j8Njvn--z=q (1)
[6792:7836:1219/172004.684:INFO:CONSOLE(1)] "Canvas2D: Multiple readback operations using getImageData are faster with the willReadFrequently attribute set to true. See: https://html.spec.whatwg.org/multipage/canvas.html#concept-canvas-will-read-frequently", source: https://s20.tiktokcdn.com/tiktok/common/init.js?seed=AABt0ymFAQAAy7KHpovRzJT6GDxS8QLnwxGhxyRJaa7RzyvDsLVnAJPmHKYc&hTc6j8Njvn--z=q (1)
[6792:7836:1219/172004.731:INFO:CONSOLE(1)] ".", source: https://sf16-secsdk.ttwstatic.com/obj/rc-web-sdk-gcs/webmssdk/1.0.0.460/webmssdk.js (1)
[6792:7836:1219/172004.918:INFO:CONSOLE(1)] "%c[xgplayer] color: #525252; background-color: yellow;  >>>>playPromise.catch NotAllowedError", source: https://lf16-tiktok-web.ttwstatic.com/obj/tiktok-web/tiktok/webapp/main/webapp-desktop/npm-async-876a5629.4466da21cb6841e8e966.js (1)
[6792:7836:1219/172004.918:INFO:CONSOLE(1)] "%c[xgplayer] color: #525252; background-color: yellow;  >>>>playPromise.catch NotAllowedError", source: https://lf16-tiktok-web.ttwstatic.com/obj/tiktok-web/tiktok/webapp/main/webapp-desktop/npm-async-876a5629.4466da21cb6841e8e966.js (1)
[6792:7836:1219/172005.308:INFO:CONSOLE(1)] "Canvas2D: Multiple readback operations using getImageData are faster with the willReadFrequently attribute set to true. See: https://html.spec.whatwg.org/multipage/canvas.html#concept-canvas-will-read-frequently", source: https://s20.tiktokcdn.com/tiktok/common/init.js?seed=AABt0ymFAQAAy7KHpovRzJT6GDxS8QLnwxGhxyRJaa7RzyvDsLVnAJPmHKYc&hTc6j8Njvn--z=q (1)
[6792:7836:1219/172055.961:INFO:CONSOLE(2)] "setTimer 清空数据", source: https://lf16-tiktok-web.ttwstatic.com/obj/tiktok-web/tiktok/webapp/main/webapp-desktop/npm-async-eb873fff.bbbd947fd4035f5fd0d2.js (2)
[6792:7836:1219/172055.962:INFO:CONSOLE(2)] "checkIsBrowser()  true", source: https://lf16-tiktok-web.ttwstatic.com/obj/tiktok-web/tiktok/webapp/main/webapp-desktop/npm-async-eb873fff.bbbd947fd4035f5fd0d2.js (2)
[6792:7836:1219/172056.316:INFO:CONSOLE(1)] "Canvas2D: Multiple readback operations using getImageData are faster with the willReadFrequently attribute set to true. See: https://html.spec.whatwg.org/multipage/canvas.html#concept-canvas-will-read-frequently", source: https://s20.tiktokcdn.com/tiktok/common/init.js?seed=AABt0ymFAQAAy7KHpovRzJT6GDxS8QLnwxGhxyRJaa7RzyvDsLVnAJPmHKYc&hTc6j8Njvn--z=q (1)
[6792:7836:1219/172056.351:INFO:CONSOLE(1)] "Canvas2D: Multiple readback operations using getImageData are faster with the willReadFrequently attribute set to true. See: https://html.spec.whatwg.org/multipage/canvas.html#concept-canvas-will-read-frequently", source: https://s20.tiktokcdn.com/tiktok/common/init.js?seed=AABt0ymFAQAAy7KHpovRzJT6GDxS8QLnwxGhxyRJaa7RzyvDsLVnAJPmHKYc&hTc6j8Njvn--z=q (1)
[6792:7836:1219/172056.386:INFO:CONSOLE(1)] ".", source: https://sf16-secsdk.ttwstatic.com/obj/rc-web-sdk-gcs/webmssdk/1.0.0.460/webmssdk.js (1)
[6792:7836:1219/172056.695:INFO:CONSOLE(1)] "Canvas2D: Multiple readback operations using getImageData are faster with the willReadFrequently attribute set to true. See: https://html.spec.whatwg.org/multipage/canvas.html#concept-canvas-will-read-frequently", source: https://s20.tiktokcdn.com/tiktok/common/init.js?seed=AABt0ymFAQAAy7KHpovRzJT6GDxS8QLnwxGhxyRJaa7RzyvDsLVnAJPmHKYc&hTc6j8Njvn--z=q (1)
[6792:7836:1219/172131.313:WARNING:pref_notifier_impl.cc(41)] Pref observer for media_router.cast_allow_all_ips found at shutdown.
