[17448:35908:1219/173536.089:INFO:CONSOLE(0)] "[DOM] Input elements should have autocomplete attributes (suggested: "current-password"): (More info: https://goo.gl/9p2vKq) %o", source: https://traodoisub.com/ (0)
[17448:35908:1219/173536.089:INFO:CONSOLE(0)] "[DOM] Input elements should have autocomplete attributes (suggested: "new-password"): (More info: https://goo.gl/9p2vKq) %o", source: https://traodoisub.com/ (0)
[17448:35908:1219/173536.089:INFO:CONSOLE(0)] "[DOM] Input elements should have autocomplete attributes (suggested: "new-password"): (More info: https://goo.gl/9p2vKq) %o", source: https://traodoisub.com/ (0)
[17448:35908:1219/173536.142:INFO:CONSOLE(1)] "Uncaught TypeError: Cannot read properties of null (reading 'setAttribute')", source:  (1)
[17448:35908:1219/173536.162:INFO:CONSOLE(19)] "Uncaught TypeError: window.AnchorJS is not a constructor", source: https://traodoisub.com/assets/js/theme.js (19)
[17448:35908:1219/173538.020:ERROR:device_event_log_impl.cc(215)] [17:35:38.019] USB: usb_device_handle_win.cc:1045 Failed to read descriptor from node connection: A device attached to the system is not functioning. (0x1F)
[17448:35908:1219/173538.021:ERROR:device_event_log_impl.cc(215)] [17:35:38.020] USB: usb_device_handle_win.cc:1045 Failed to read descriptor from node connection: A device attached to the system is not functioning. (0x1F)
[17448:35908:1219/173558.110:ERROR:interface_endpoint_client.cc(694)] Message 0 rejected by interface blink.mojom.WidgetHost
[17448:35908:1219/173558.831:INFO:CONSOLE(2)] "setTimer 清空数据", source: https://lf16-tiktok-web.ttwstatic.com/obj/tiktok-web/tiktok/webapp/main/webapp-desktop/npm-async-eb873fff.bbbd947fd4035f5fd0d2.js (2)
[17448:35908:1219/173558.831:INFO:CONSOLE(2)] "checkIsBrowser()  true", source: https://lf16-tiktok-web.ttwstatic.com/obj/tiktok-web/tiktok/webapp/main/webapp-desktop/npm-async-eb873fff.bbbd947fd4035f5fd0d2.js (2)
[17448:35908:1219/173558.921:INFO:CONSOLE(2)] "_initMp4Kernel.catch: TT-vCache-7177227394489601307 isDestroy:false _initPromise.isBreak:false Error: no_preload", source: https://lf16-tiktok-web.ttwstatic.com/obj/tiktok-web/tiktok/webapp/main/webapp-desktop/npm-async-eb873fff.bbbd947fd4035f5fd0d2.js (2)
[17448:35908:1219/173559.160:INFO:CONSOLE(0)] "[.WebGL-0000056405B88000]GL Driver Message (OpenGL, Performance, GL_CLOSE_PATH_NV, High): GPU stall due to ReadPixels", source: https://www.tiktok.com/@gaolutthuyduyen/video/7177227394489601307?is_from_webapp=v1&item_id=7177227394489601307 (0)
[17448:35908:1219/173559.197:INFO:CONSOLE(1)] ".", source: https://sf16-secsdk.ttwstatic.com/obj/rc-web-sdk-gcs/webmssdk/1.0.0.460/webmssdk.js (1)
[17448:35908:1219/173559.424:INFO:CONSOLE(1)] "Canvas2D: Multiple readback operations using getImageData are faster with the willReadFrequently attribute set to true. See: https://html.spec.whatwg.org/multipage/canvas.html#concept-canvas-will-read-frequently", source: https://s20.tiktokcdn.com/tiktok/common/init.js?seed=AEDk7imFAQAA2x9xnnLrRgXDAxKLeMfIApvOZo4rBgnSPGYIuFEZ6q5op_MK&hTc6j8Njvn--z=q (1)
[17448:35908:1219/173559.594:INFO:CONSOLE(1)] "Canvas2D: Multiple readback operations using getImageData are faster with the willReadFrequently attribute set to true. See: https://html.spec.whatwg.org/multipage/canvas.html#concept-canvas-will-read-frequently", source: https://s20.tiktokcdn.com/tiktok/common/init.js?seed=AEDk7imFAQAA2x9xnnLrRgXDAxKLeMfIApvOZo4rBgnSPGYIuFEZ6q5op_MK&hTc6j8Njvn--z=q (1)
[17448:35908:1219/173559.610:INFO:CONSOLE(1)] "Canvas2D: Multiple readback operations using getImageData are faster with the willReadFrequently attribute set to true. See: https://html.spec.whatwg.org/multipage/canvas.html#concept-canvas-will-read-frequently", source: https://s20.tiktokcdn.com/tiktok/common/init.js?seed=AEDk7imFAQAA2x9xnnLrRgXDAxKLeMfIApvOZo4rBgnSPGYIuFEZ6q5op_MK&hTc6j8Njvn--z=q (1)
[17448:35908:1219/173649.880:ERROR:interface_endpoint_client.cc(694)] Message 0 rejected by interface blink.mojom.WidgetHost
[17448:35908:1219/173650.389:INFO:CONSOLE(2)] "setTimer 清空数据", source: https://lf16-tiktok-web.ttwstatic.com/obj/tiktok-web/tiktok/webapp/main/webapp-desktop/npm-async-eb873fff.bbbd947fd4035f5fd0d2.js (2)
[17448:35908:1219/173650.389:INFO:CONSOLE(2)] "checkIsBrowser()  true", source: https://lf16-tiktok-web.ttwstatic.com/obj/tiktok-web/tiktok/webapp/main/webapp-desktop/npm-async-eb873fff.bbbd947fd4035f5fd0d2.js (2)
[17448:35908:1219/173650.484:INFO:CONSOLE(2)] "_initMp4Kernel.catch: TT-vCache-7149156527360806170 isDestroy:false _initPromise.isBreak:false Error: no_preload", source: https://lf16-tiktok-web.ttwstatic.com/obj/tiktok-web/tiktok/webapp/main/webapp-desktop/npm-async-eb873fff.bbbd947fd4035f5fd0d2.js (2)
[17448:35908:1219/173650.752:INFO:CONSOLE(0)] "[.WebGL-000041B000A64D00]GL Driver Message (OpenGL, Performance, GL_CLOSE_PATH_NV, High): GPU stall due to ReadPixels", source: https://www.tiktok.com/@minhthuy_tho/video/7149156527360806170?is_from_webapp=v1&item_id=7149156527360806170 (0)
[17448:35908:1219/173650.780:INFO:CONSOLE(1)] ".", source: https://sf16-secsdk.ttwstatic.com/obj/rc-web-sdk-gcs/webmssdk/1.0.0.460/webmssdk.js (1)
[17448:35908:1219/173651.017:INFO:CONSOLE(1)] "Canvas2D: Multiple readback operations using getImageData are faster with the willReadFrequently attribute set to true. See: https://html.spec.whatwg.org/multipage/canvas.html#concept-canvas-will-read-frequently", source: https://s20.tiktokcdn.com/tiktok/common/init.js?seed=AEDk7imFAQAA2x9xnnLrRgXDAxKLeMfIApvOZo4rBgnSPGYIuFEZ6q5op_MK&hTc6j8Njvn--z=q (1)
[17448:35908:1219/173651.187:INFO:CONSOLE(1)] "Canvas2D: Multiple readback operations using getImageData are faster with the willReadFrequently attribute set to true. See: https://html.spec.whatwg.org/multipage/canvas.html#concept-canvas-will-read-frequently", source: https://s20.tiktokcdn.com/tiktok/common/init.js?seed=AEDk7imFAQAA2x9xnnLrRgXDAxKLeMfIApvOZo4rBgnSPGYIuFEZ6q5op_MK&hTc6j8Njvn--z=q (1)
[17448:35908:1219/173651.219:INFO:CONSOLE(1)] "Canvas2D: Multiple readback operations using getImageData are faster with the willReadFrequently attribute set to true. See: https://html.spec.whatwg.org/multipage/canvas.html#concept-canvas-will-read-frequently", source: https://s20.tiktokcdn.com/tiktok/common/init.js?seed=AEDk7imFAQAA2x9xnnLrRgXDAxKLeMfIApvOZo4rBgnSPGYIuFEZ6q5op_MK&hTc6j8Njvn--z=q (1)
[17448:35908:1219/173743.275:INFO:CONSOLE(2)] "setTimer 清空数据", source: https://lf16-tiktok-web.ttwstatic.com/obj/tiktok-web/tiktok/webapp/main/webapp-desktop/npm-async-eb873fff.bbbd947fd4035f5fd0d2.js (2)
[17448:35908:1219/173743.275:INFO:CONSOLE(2)] "checkIsBrowser()  true", source: https://lf16-tiktok-web.ttwstatic.com/obj/tiktok-web/tiktok/webapp/main/webapp-desktop/npm-async-eb873fff.bbbd947fd4035f5fd0d2.js (2)
[17448:35908:1219/173743.391:INFO:CONSOLE(2)] "_initMp4Kernel.catch: TT-vCache-7178716732926872858 isDestroy:false _initPromise.isBreak:false Error: no_preload", source: https://lf16-tiktok-web.ttwstatic.com/obj/tiktok-web/tiktok/webapp/main/webapp-desktop/npm-async-eb873fff.bbbd947fd4035f5fd0d2.js (2)
[17448:35908:1219/173743.677:INFO:CONSOLE(0)] "[.WebGL-00001F7000B3F100]GL Driver Message (OpenGL, Performance, GL_CLOSE_PATH_NV, High): GPU stall due to ReadPixels", source: https://www.tiktok.com/@mbbank.official/video/7178716732926872858?is_from_webapp=v1&item_id=7178716732926872858 (0)
[17448:35908:1219/173743.748:INFO:CONSOLE(1)] ".", source: https://sf16-secsdk.ttwstatic.com/obj/rc-web-sdk-gcs/webmssdk/1.0.0.460/webmssdk.js (1)
[17448:35908:1219/173744.012:INFO:CONSOLE(1)] "Canvas2D: Multiple readback operations using getImageData are faster with the willReadFrequently attribute set to true. See: https://html.spec.whatwg.org/multipage/canvas.html#concept-canvas-will-read-frequently", source: https://s20.tiktokcdn.com/tiktok/common/init.js?seed=AEDk7imFAQAA2x9xnnLrRgXDAxKLeMfIApvOZo4rBgnSPGYIuFEZ6q5op_MK&hTc6j8Njvn--z=q (1)
[17448:35908:1219/173744.302:INFO:CONSOLE(1)] "Canvas2D: Multiple readback operations using getImageData are faster with the willReadFrequently attribute set to true. See: https://html.spec.whatwg.org/multipage/canvas.html#concept-canvas-will-read-frequently", source: https://s20.tiktokcdn.com/tiktok/common/init.js?seed=AEDk7imFAQAA2x9xnnLrRgXDAxKLeMfIApvOZo4rBgnSPGYIuFEZ6q5op_MK&hTc6j8Njvn--z=q (1)
[17448:35908:1219/173744.361:INFO:CONSOLE(1)] "Canvas2D: Multiple readback operations using getImageData are faster with the willReadFrequently attribute set to true. See: https://html.spec.whatwg.org/multipage/canvas.html#concept-canvas-will-read-frequently", source: https://s20.tiktokcdn.com/tiktok/common/init.js?seed=AEDk7imFAQAA2x9xnnLrRgXDAxKLeMfIApvOZo4rBgnSPGYIuFEZ6q5op_MK&hTc6j8Njvn--z=q (1)
[17448:35908:1219/173835.109:INFO:CONSOLE(2)] "setTimer 清空数据", source: https://lf16-tiktok-web.ttwstatic.com/obj/tiktok-web/tiktok/webapp/main/webapp-desktop/npm-async-eb873fff.bbbd947fd4035f5fd0d2.js (2)
[17448:35908:1219/173835.109:INFO:CONSOLE(2)] "checkIsBrowser()  true", source: https://lf16-tiktok-web.ttwstatic.com/obj/tiktok-web/tiktok/webapp/main/webapp-desktop/npm-async-eb873fff.bbbd947fd4035f5fd0d2.js (2)
[17448:35908:1219/173835.276:INFO:CONSOLE(2)] "_initMp4Kernel.catch: TT-vCache-7176976758267235610 isDestroy:false _initPromise.isBreak:false Error: no_preload", source: https://lf16-tiktok-web.ttwstatic.com/obj/tiktok-web/tiktok/webapp/main/webapp-desktop/npm-async-eb873fff.bbbd947fd4035f5fd0d2.js (2)
[17448:35908:1219/173835.577:INFO:CONSOLE(0)] "[.WebGL-00003D0403998000]GL Driver Message (OpenGL, Performance, GL_CLOSE_PATH_NV, High): GPU stall due to ReadPixels (this message will no longer repeat)", source: https://www.tiktok.com/@hellolapday/video/7176976758267235610?is_from_webapp=v1&item_id=7176976758267235610 (0)
[17448:35908:1219/173835.665:INFO:CONSOLE(1)] ".", source: https://sf16-secsdk.ttwstatic.com/obj/rc-web-sdk-gcs/webmssdk/1.0.0.460/webmssdk.js (1)
[17448:35908:1219/173836.001:INFO:CONSOLE(1)] "Canvas2D: Multiple readback operations using getImageData are faster with the willReadFrequently attribute set to true. See: https://html.spec.whatwg.org/multipage/canvas.html#concept-canvas-will-read-frequently", source: https://s20.tiktokcdn.com/tiktok/common/init.js?seed=AEDk7imFAQAA2x9xnnLrRgXDAxKLeMfIApvOZo4rBgnSPGYIuFEZ6q5op_MK&hTc6j8Njvn--z=q (1)
[17448:35908:1219/173836.320:INFO:CONSOLE(1)] "Canvas2D: Multiple readback operations using getImageData are faster with the willReadFrequently attribute set to true. See: https://html.spec.whatwg.org/multipage/canvas.html#concept-canvas-will-read-frequently", source: https://s20.tiktokcdn.com/tiktok/common/init.js?seed=AEDk7imFAQAA2x9xnnLrRgXDAxKLeMfIApvOZo4rBgnSPGYIuFEZ6q5op_MK&hTc6j8Njvn--z=q (1)
[17448:35908:1219/173836.345:INFO:CONSOLE(1)] "Canvas2D: Multiple readback operations using getImageData are faster with the willReadFrequently attribute set to true. See: https://html.spec.whatwg.org/multipage/canvas.html#concept-canvas-will-read-frequently", source: https://s20.tiktokcdn.com/tiktok/common/init.js?seed=AEDk7imFAQAA2x9xnnLrRgXDAxKLeMfIApvOZo4rBgnSPGYIuFEZ6q5op_MK&hTc6j8Njvn--z=q (1)
[17448:35908:1219/173926.442:ERROR:interface_endpoint_client.cc(694)] Message 0 rejected by interface blink.mojom.WidgetHost
[17448:35908:1219/173927.100:INFO:CONSOLE(2)] "setTimer 清空数据", source: https://lf16-tiktok-web.ttwstatic.com/obj/tiktok-web/tiktok/webapp/main/webapp-desktop/npm-async-eb873fff.bbbd947fd4035f5fd0d2.js (2)
[17448:35908:1219/173927.101:INFO:CONSOLE(2)] "checkIsBrowser()  true", source: https://lf16-tiktok-web.ttwstatic.com/obj/tiktok-web/tiktok/webapp/main/webapp-desktop/npm-async-eb873fff.bbbd947fd4035f5fd0d2.js (2)
[17448:35908:1219/173927.258:INFO:CONSOLE(2)] "_initMp4Kernel.catch: TT-vCache-7177623010420018458 isDestroy:false _initPromise.isBreak:false Error: no_preload", source: https://lf16-tiktok-web.ttwstatic.com/obj/tiktok-web/tiktok/webapp/main/webapp-desktop/npm-async-eb873fff.bbbd947fd4035f5fd0d2.js (2)
[17448:35908:1219/173927.697:INFO:CONSOLE(1)] ".", source: https://sf16-secsdk.ttwstatic.com/obj/rc-web-sdk-gcs/webmssdk/1.0.0.460/webmssdk.js (1)
[17448:35908:1219/173928.127:INFO:CONSOLE(1)] "Canvas2D: Multiple readback operations using getImageData are faster with the willReadFrequently attribute set to true. See: https://html.spec.whatwg.org/multipage/canvas.html#concept-canvas-will-read-frequently", source: https://s20.tiktokcdn.com/tiktok/common/init.js?seed=AEDk7imFAQAA2x9xnnLrRgXDAxKLeMfIApvOZo4rBgnSPGYIuFEZ6q5op_MK&hTc6j8Njvn--z=q (1)
[17448:35908:1219/173928.576:INFO:CONSOLE(1)] "Canvas2D: Multiple readback operations using getImageData are faster with the willReadFrequently attribute set to true. See: https://html.spec.whatwg.org/multipage/canvas.html#concept-canvas-will-read-frequently", source: https://s20.tiktokcdn.com/tiktok/common/init.js?seed=AEDk7imFAQAA2x9xnnLrRgXDAxKLeMfIApvOZo4rBgnSPGYIuFEZ6q5op_MK&hTc6j8Njvn--z=q (1)
[17448:35908:1219/173928.613:INFO:CONSOLE(1)] "Canvas2D: Multiple readback operations using getImageData are faster with the willReadFrequently attribute set to true. See: https://html.spec.whatwg.org/multipage/canvas.html#concept-canvas-will-read-frequently", source: https://s20.tiktokcdn.com/tiktok/common/init.js?seed=AEDk7imFAQAA2x9xnnLrRgXDAxKLeMfIApvOZo4rBgnSPGYIuFEZ6q5op_MK&hTc6j8Njvn--z=q (1)
[17448:35908:1219/174019.259:INFO:CONSOLE(2)] "setTimer 清空数据", source: https://lf16-tiktok-web.ttwstatic.com/obj/tiktok-web/tiktok/webapp/main/webapp-desktop/npm-async-eb873fff.bbbd947fd4035f5fd0d2.js (2)
[17448:35908:1219/174019.259:INFO:CONSOLE(2)] "checkIsBrowser()  true", source: https://lf16-tiktok-web.ttwstatic.com/obj/tiktok-web/tiktok/webapp/main/webapp-desktop/npm-async-eb873fff.bbbd947fd4035f5fd0d2.js (2)
[17448:35908:1219/174019.401:INFO:CONSOLE(2)] "_initMp4Kernel.catch: TT-vCache-7177999605265747227 isDestroy:false _initPromise.isBreak:false Error: no_preload", source: https://lf16-tiktok-web.ttwstatic.com/obj/tiktok-web/tiktok/webapp/main/webapp-desktop/npm-async-eb873fff.bbbd947fd4035f5fd0d2.js (2)
[17448:35908:1219/174019.744:INFO:CONSOLE(1)] ".", source: https://sf16-secsdk.ttwstatic.com/obj/rc-web-sdk-gcs/webmssdk/1.0.0.460/webmssdk.js (1)
[17448:35908:1219/174020.025:INFO:CONSOLE(1)] "Canvas2D: Multiple readback operations using getImageData are faster with the willReadFrequently attribute set to true. See: https://html.spec.whatwg.org/multipage/canvas.html#concept-canvas-will-read-frequently", source: https://s20.tiktokcdn.com/tiktok/common/init.js?seed=AEDk7imFAQAA2x9xnnLrRgXDAxKLeMfIApvOZo4rBgnSPGYIuFEZ6q5op_MK&hTc6j8Njvn--z=q (1)
[17448:35908:1219/174020.364:INFO:CONSOLE(1)] "Canvas2D: Multiple readback operations using getImageData are faster with the willReadFrequently attribute set to true. See: https://html.spec.whatwg.org/multipage/canvas.html#concept-canvas-will-read-frequently", source: https://s20.tiktokcdn.com/tiktok/common/init.js?seed=AEDk7imFAQAA2x9xnnLrRgXDAxKLeMfIApvOZo4rBgnSPGYIuFEZ6q5op_MK&hTc6j8Njvn--z=q (1)
[17448:35908:1219/174020.408:INFO:CONSOLE(1)] "Canvas2D: Multiple readback operations using getImageData are faster with the willReadFrequently attribute set to true. See: https://html.spec.whatwg.org/multipage/canvas.html#concept-canvas-will-read-frequently", source: https://s20.tiktokcdn.com/tiktok/common/init.js?seed=AEDk7imFAQAA2x9xnnLrRgXDAxKLeMfIApvOZo4rBgnSPGYIuFEZ6q5op_MK&hTc6j8Njvn--z=q (1)
[17448:35908:1219/174110.751:ERROR:interface_endpoint_client.cc(694)] Message 0 rejected by interface blink.mojom.WidgetHost
[17448:35908:1219/174111.274:INFO:CONSOLE(2)] "setTimer 清空数据", source: https://lf16-tiktok-web.ttwstatic.com/obj/tiktok-web/tiktok/webapp/main/webapp-desktop/npm-async-eb873fff.bbbd947fd4035f5fd0d2.js (2)
[17448:35908:1219/174111.274:INFO:CONSOLE(2)] "checkIsBrowser()  true", source: https://lf16-tiktok-web.ttwstatic.com/obj/tiktok-web/tiktok/webapp/main/webapp-desktop/npm-async-eb873fff.bbbd947fd4035f5fd0d2.js (2)
[17448:35908:1219/174111.371:INFO:CONSOLE(2)] "_initMp4Kernel.catch: TT-vCache-7177691193520753946 isDestroy:false _initPromise.isBreak:false Error: no_preload", source: https://lf16-tiktok-web.ttwstatic.com/obj/tiktok-web/tiktok/webapp/main/webapp-desktop/npm-async-eb873fff.bbbd947fd4035f5fd0d2.js (2)
[17448:35908:1219/174111.664:INFO:CONSOLE(1)] ".", source: https://sf16-secsdk.ttwstatic.com/obj/rc-web-sdk-gcs/webmssdk/1.0.0.460/webmssdk.js (1)
[17448:35908:1219/174111.931:INFO:CONSOLE(1)] "Canvas2D: Multiple readback operations using getImageData are faster with the willReadFrequently attribute set to true. See: https://html.spec.whatwg.org/multipage/canvas.html#concept-canvas-will-read-frequently", source: https://s20.tiktokcdn.com/tiktok/common/init.js?seed=AEDk7imFAQAA2x9xnnLrRgXDAxKLeMfIApvOZo4rBgnSPGYIuFEZ6q5op_MK&hTc6j8Njvn--z=q (1)
[17448:35908:1219/174112.113:INFO:CONSOLE(1)] "Canvas2D: Multiple readback operations using getImageData are faster with the willReadFrequently attribute set to true. See: https://html.spec.whatwg.org/multipage/canvas.html#concept-canvas-will-read-frequently", source: https://s20.tiktokcdn.com/tiktok/common/init.js?seed=AEDk7imFAQAA2x9xnnLrRgXDAxKLeMfIApvOZo4rBgnSPGYIuFEZ6q5op_MK&hTc6j8Njvn--z=q (1)
[17448:35908:1219/174112.130:INFO:CONSOLE(1)] "Canvas2D: Multiple readback operations using getImageData are faster with the willReadFrequently attribute set to true. See: https://html.spec.whatwg.org/multipage/canvas.html#concept-canvas-will-read-frequently", source: https://s20.tiktokcdn.com/tiktok/common/init.js?seed=AEDk7imFAQAA2x9xnnLrRgXDAxKLeMfIApvOZo4rBgnSPGYIuFEZ6q5op_MK&hTc6j8Njvn--z=q (1)
[17448:35908:1219/174128.912:INFO:CONSOLE(0)] "Uncaught (in promise) AbortError: The play() request was interrupted because the media was removed from the document. https://goo.gl/LdLk22", source: https://www.tiktok.com/@duckim90/video/7177691193520753946?is_from_webapp=v1&item_id=7177691193520753946 (0)
[17448:35908:1219/174203.325:ERROR:interface_endpoint_client.cc(694)] Message 0 rejected by interface blink.mojom.WidgetHost
[17448:35908:1219/174204.267:INFO:CONSOLE(2)] "setTimer 清空数据", source: https://lf16-tiktok-web.ttwstatic.com/obj/tiktok-web/tiktok/webapp/main/webapp-desktop/npm-async-eb873fff.bbbd947fd4035f5fd0d2.js (2)
[17448:35908:1219/174204.267:INFO:CONSOLE(2)] "checkIsBrowser()  true", source: https://lf16-tiktok-web.ttwstatic.com/obj/tiktok-web/tiktok/webapp/main/webapp-desktop/npm-async-eb873fff.bbbd947fd4035f5fd0d2.js (2)
[17448:35908:1219/174204.378:INFO:CONSOLE(2)] "_initMp4Kernel.catch: TT-vCache-7168715010955414810 isDestroy:false _initPromise.isBreak:false Error: no_preload", source: https://lf16-tiktok-web.ttwstatic.com/obj/tiktok-web/tiktok/webapp/main/webapp-desktop/npm-async-eb873fff.bbbd947fd4035f5fd0d2.js (2)
[17448:35908:1219/174204.685:INFO:CONSOLE(1)] ".", source: https://sf16-secsdk.ttwstatic.com/obj/rc-web-sdk-gcs/webmssdk/1.0.0.460/webmssdk.js (1)
[17448:35908:1219/174204.889:INFO:CONSOLE(1)] "Canvas2D: Multiple readback operations using getImageData are faster with the willReadFrequently attribute set to true. See: https://html.spec.whatwg.org/multipage/canvas.html#concept-canvas-will-read-frequently", source: https://s20.tiktokcdn.com/tiktok/common/init.js?seed=AEDk7imFAQAA2x9xnnLrRgXDAxKLeMfIApvOZo4rBgnSPGYIuFEZ6q5op_MK&hTc6j8Njvn--z=q (1)
[17448:35908:1219/174205.056:INFO:CONSOLE(1)] "Canvas2D: Multiple readback operations using getImageData are faster with the willReadFrequently attribute set to true. See: https://html.spec.whatwg.org/multipage/canvas.html#concept-canvas-will-read-frequently", source: https://s20.tiktokcdn.com/tiktok/common/init.js?seed=AEDk7imFAQAA2x9xnnLrRgXDAxKLeMfIApvOZo4rBgnSPGYIuFEZ6q5op_MK&hTc6j8Njvn--z=q (1)
[17448:35908:1219/174205.099:INFO:CONSOLE(1)] "Canvas2D: Multiple readback operations using getImageData are faster with the willReadFrequently attribute set to true. See: https://html.spec.whatwg.org/multipage/canvas.html#concept-canvas-will-read-frequently", source: https://s20.tiktokcdn.com/tiktok/common/init.js?seed=AEDk7imFAQAA2x9xnnLrRgXDAxKLeMfIApvOZo4rBgnSPGYIuFEZ6q5op_MK&hTc6j8Njvn--z=q (1)
[17448:35908:1219/174255.911:INFO:CONSOLE(2)] "setTimer 清空数据", source: https://lf16-tiktok-web.ttwstatic.com/obj/tiktok-web/tiktok/webapp/main/webapp-desktop/npm-async-eb873fff.bbbd947fd4035f5fd0d2.js (2)
[17448:35908:1219/174255.911:INFO:CONSOLE(2)] "checkIsBrowser()  true", source: https://lf16-tiktok-web.ttwstatic.com/obj/tiktok-web/tiktok/webapp/main/webapp-desktop/npm-async-eb873fff.bbbd947fd4035f5fd0d2.js (2)
[17448:35908:1219/174256.007:INFO:CONSOLE(2)] "_initMp4Kernel.catch: TT-vCache-7176635112195493147 isDestroy:false _initPromise.isBreak:false Error: no_preload", source: https://lf16-tiktok-web.ttwstatic.com/obj/tiktok-web/tiktok/webapp/main/webapp-desktop/npm-async-eb873fff.bbbd947fd4035f5fd0d2.js (2)
[17448:35908:1219/174256.310:INFO:CONSOLE(1)] ".", source: https://sf16-secsdk.ttwstatic.com/obj/rc-web-sdk-gcs/webmssdk/1.0.0.460/webmssdk.js (1)
[17448:35908:1219/174256.547:INFO:CONSOLE(1)] "Canvas2D: Multiple readback operations using getImageData are faster with the willReadFrequently attribute set to true. See: https://html.spec.whatwg.org/multipage/canvas.html#concept-canvas-will-read-frequently", source: https://s20.tiktokcdn.com/tiktok/common/init.js?seed=AEDk7imFAQAA2x9xnnLrRgXDAxKLeMfIApvOZo4rBgnSPGYIuFEZ6q5op_MK&hTc6j8Njvn--z=q (1)
[17448:35908:1219/174256.716:INFO:CONSOLE(1)] "Canvas2D: Multiple readback operations using getImageData are faster with the willReadFrequently attribute set to true. See: https://html.spec.whatwg.org/multipage/canvas.html#concept-canvas-will-read-frequently", source: https://s20.tiktokcdn.com/tiktok/common/init.js?seed=AEDk7imFAQAA2x9xnnLrRgXDAxKLeMfIApvOZo4rBgnSPGYIuFEZ6q5op_MK&hTc6j8Njvn--z=q (1)
[17448:35908:1219/174256.794:INFO:CONSOLE(1)] "Canvas2D: Multiple readback operations using getImageData are faster with the willReadFrequently attribute set to true. See: https://html.spec.whatwg.org/multipage/canvas.html#concept-canvas-will-read-frequently", source: https://s20.tiktokcdn.com/tiktok/common/init.js?seed=AEDk7imFAQAA2x9xnnLrRgXDAxKLeMfIApvOZo4rBgnSPGYIuFEZ6q5op_MK&hTc6j8Njvn--z=q (1)
[17448:35908:1219/174350.957:INFO:CONSOLE(2)] "setTimer 清空数据", source: https://lf16-tiktok-web.ttwstatic.com/obj/tiktok-web/tiktok/webapp/main/webapp-desktop/npm-async-eb873fff.bbbd947fd4035f5fd0d2.js (2)
[17448:35908:1219/174350.957:INFO:CONSOLE(2)] "checkIsBrowser()  true", source: https://lf16-tiktok-web.ttwstatic.com/obj/tiktok-web/tiktok/webapp/main/webapp-desktop/npm-async-eb873fff.bbbd947fd4035f5fd0d2.js (2)
[17448:35908:1219/174351.054:INFO:CONSOLE(2)] "_initMp4Kernel.catch: TT-vCache-7178044021430963482 isDestroy:false _initPromise.isBreak:false Error: no_preload", source: https://lf16-tiktok-web.ttwstatic.com/obj/tiktok-web/tiktok/webapp/main/webapp-desktop/npm-async-eb873fff.bbbd947fd4035f5fd0d2.js (2)
[17448:35908:1219/174351.366:INFO:CONSOLE(1)] ".", source: https://sf16-secsdk.ttwstatic.com/obj/rc-web-sdk-gcs/webmssdk/1.0.0.460/webmssdk.js (1)
[17448:35908:1219/174351.589:INFO:CONSOLE(1)] "Canvas2D: Multiple readback operations using getImageData are faster with the willReadFrequently attribute set to true. See: https://html.spec.whatwg.org/multipage/canvas.html#concept-canvas-will-read-frequently", source: https://s20.tiktokcdn.com/tiktok/common/init.js?seed=AEDk7imFAQAA2x9xnnLrRgXDAxKLeMfIApvOZo4rBgnSPGYIuFEZ6q5op_MK&hTc6j8Njvn--z=q (1)
[17448:35908:1219/174351.780:INFO:CONSOLE(1)] "Canvas2D: Multiple readback operations using getImageData are faster with the willReadFrequently attribute set to true. See: https://html.spec.whatwg.org/multipage/canvas.html#concept-canvas-will-read-frequently", source: https://s20.tiktokcdn.com/tiktok/common/init.js?seed=AEDk7imFAQAA2x9xnnLrRgXDAxKLeMfIApvOZo4rBgnSPGYIuFEZ6q5op_MK&hTc6j8Njvn--z=q (1)
[17448:35908:1219/174351.802:INFO:CONSOLE(1)] "Canvas2D: Multiple readback operations using getImageData are faster with the willReadFrequently attribute set to true. See: https://html.spec.whatwg.org/multipage/canvas.html#concept-canvas-will-read-frequently", source: https://s20.tiktokcdn.com/tiktok/common/init.js?seed=AEDk7imFAQAA2x9xnnLrRgXDAxKLeMfIApvOZo4rBgnSPGYIuFEZ6q5op_MK&hTc6j8Njvn--z=q (1)
[17448:35908:1219/174440.210:INFO:CONSOLE(2)] "setTimer 清空数据", source: https://lf16-tiktok-web.ttwstatic.com/obj/tiktok-web/tiktok/webapp/main/webapp-desktop/npm-async-eb873fff.bbbd947fd4035f5fd0d2.js (2)
[17448:35908:1219/174440.210:INFO:CONSOLE(2)] "checkIsBrowser()  true", source: https://lf16-tiktok-web.ttwstatic.com/obj/tiktok-web/tiktok/webapp/main/webapp-desktop/npm-async-eb873fff.bbbd947fd4035f5fd0d2.js (2)
[17448:35908:1219/174440.329:INFO:CONSOLE(2)] "_initMp4Kernel.catch: TT-vCache-7177903873439386907 isDestroy:false _initPromise.isBreak:false Error: no_preload", source: https://lf16-tiktok-web.ttwstatic.com/obj/tiktok-web/tiktok/webapp/main/webapp-desktop/npm-async-eb873fff.bbbd947fd4035f5fd0d2.js (2)
[17448:35908:1219/174440.719:INFO:CONSOLE(1)] ".", source: https://sf16-secsdk.ttwstatic.com/obj/rc-web-sdk-gcs/webmssdk/1.0.0.460/webmssdk.js (1)
[17448:35908:1219/174440.937:INFO:CONSOLE(1)] "Canvas2D: Multiple readback operations using getImageData are faster with the willReadFrequently attribute set to true. See: https://html.spec.whatwg.org/multipage/canvas.html#concept-canvas-will-read-frequently", source: https://s20.tiktokcdn.com/tiktok/common/init.js?seed=AEDk7imFAQAA2x9xnnLrRgXDAxKLeMfIApvOZo4rBgnSPGYIuFEZ6q5op_MK&hTc6j8Njvn--z=q (1)
[17448:35908:1219/174441.160:INFO:CONSOLE(1)] "Canvas2D: Multiple readback operations using getImageData are faster with the willReadFrequently attribute set to true. See: https://html.spec.whatwg.org/multipage/canvas.html#concept-canvas-will-read-frequently", source: https://s20.tiktokcdn.com/tiktok/common/init.js?seed=AEDk7imFAQAA2x9xnnLrRgXDAxKLeMfIApvOZo4rBgnSPGYIuFEZ6q5op_MK&hTc6j8Njvn--z=q (1)
[17448:35908:1219/174441.186:INFO:CONSOLE(1)] "Canvas2D: Multiple readback operations using getImageData are faster with the willReadFrequently attribute set to true. See: https://html.spec.whatwg.org/multipage/canvas.html#concept-canvas-will-read-frequently", source: https://s20.tiktokcdn.com/tiktok/common/init.js?seed=AEDk7imFAQAA2x9xnnLrRgXDAxKLeMfIApvOZo4rBgnSPGYIuFEZ6q5op_MK&hTc6j8Njvn--z=q (1)
[17448:35908:1219/174532.338:INFO:CONSOLE(2)] "setTimer 清空数据", source: https://lf16-tiktok-web.ttwstatic.com/obj/tiktok-web/tiktok/webapp/main/webapp-desktop/npm-async-eb873fff.bbbd947fd4035f5fd0d2.js (2)
[17448:35908:1219/174532.339:INFO:CONSOLE(2)] "checkIsBrowser()  true", source: https://lf16-tiktok-web.ttwstatic.com/obj/tiktok-web/tiktok/webapp/main/webapp-desktop/npm-async-eb873fff.bbbd947fd4035f5fd0d2.js (2)
[17448:35908:1219/174532.448:INFO:CONSOLE(2)] "_initMp4Kernel.catch: TT-vCache-7175763540689653018 isDestroy:false _initPromise.isBreak:false Error: no_preload", source: https://lf16-tiktok-web.ttwstatic.com/obj/tiktok-web/tiktok/webapp/main/webapp-desktop/npm-async-eb873fff.bbbd947fd4035f5fd0d2.js (2)
[17448:35908:1219/174532.795:INFO:CONSOLE(1)] ".", source: https://sf16-secsdk.ttwstatic.com/obj/rc-web-sdk-gcs/webmssdk/1.0.0.460/webmssdk.js (1)
[17448:35908:1219/174533.035:INFO:CONSOLE(1)] "Canvas2D: Multiple readback operations using getImageData are faster with the willReadFrequently attribute set to true. See: https://html.spec.whatwg.org/multipage/canvas.html#concept-canvas-will-read-frequently", source: https://s20.tiktokcdn.com/tiktok/common/init.js?seed=AEDk7imFAQAA2x9xnnLrRgXDAxKLeMfIApvOZo4rBgnSPGYIuFEZ6q5op_MK&hTc6j8Njvn--z=q (1)
[17448:35908:1219/174533.290:INFO:CONSOLE(1)] "Canvas2D: Multiple readback operations using getImageData are faster with the willReadFrequently attribute set to true. See: https://html.spec.whatwg.org/multipage/canvas.html#concept-canvas-will-read-frequently", source: https://s20.tiktokcdn.com/tiktok/common/init.js?seed=AEDk7imFAQAA2x9xnnLrRgXDAxKLeMfIApvOZo4rBgnSPGYIuFEZ6q5op_MK&hTc6j8Njvn--z=q (1)
[17448:35908:1219/174533.373:INFO:CONSOLE(1)] "Canvas2D: Multiple readback operations using getImageData are faster with the willReadFrequently attribute set to true. See: https://html.spec.whatwg.org/multipage/canvas.html#concept-canvas-will-read-frequently", source: https://s20.tiktokcdn.com/tiktok/common/init.js?seed=AEDk7imFAQAA2x9xnnLrRgXDAxKLeMfIApvOZo4rBgnSPGYIuFEZ6q5op_MK&hTc6j8Njvn--z=q (1)
[17448:35908:1219/174625.030:INFO:CONSOLE(2)] "setTimer 清空数据", source: https://lf16-tiktok-web.ttwstatic.com/obj/tiktok-web/tiktok/webapp/main/webapp-desktop/npm-async-eb873fff.bbbd947fd4035f5fd0d2.js (2)
[17448:35908:1219/174625.030:INFO:CONSOLE(2)] "checkIsBrowser()  true", source: https://lf16-tiktok-web.ttwstatic.com/obj/tiktok-web/tiktok/webapp/main/webapp-desktop/npm-async-eb873fff.bbbd947fd4035f5fd0d2.js (2)
[17448:35908:1219/174625.144:INFO:CONSOLE(2)] "_initMp4Kernel.catch: TT-vCache-7177304639581326618 isDestroy:false _initPromise.isBreak:false Error: no_preload", source: https://lf16-tiktok-web.ttwstatic.com/obj/tiktok-web/tiktok/webapp/main/webapp-desktop/npm-async-eb873fff.bbbd947fd4035f5fd0d2.js (2)
[17448:35908:1219/174625.564:INFO:CONSOLE(1)] ".", source: https://sf16-secsdk.ttwstatic.com/obj/rc-web-sdk-gcs/webmssdk/1.0.0.460/webmssdk.js (1)
[17448:35908:1219/174625.758:INFO:CONSOLE(1)] "Canvas2D: Multiple readback operations using getImageData are faster with the willReadFrequently attribute set to true. See: https://html.spec.whatwg.org/multipage/canvas.html#concept-canvas-will-read-frequently", source: https://s20.tiktokcdn.com/tiktok/common/init.js?seed=AEDk7imFAQAA2x9xnnLrRgXDAxKLeMfIApvOZo4rBgnSPGYIuFEZ6q5op_MK&hTc6j8Njvn--z=q (1)
[17448:35908:1219/174625.974:INFO:CONSOLE(1)] "Canvas2D: Multiple readback operations using getImageData are faster with the willReadFrequently attribute set to true. See: https://html.spec.whatwg.org/multipage/canvas.html#concept-canvas-will-read-frequently", source: https://s20.tiktokcdn.com/tiktok/common/init.js?seed=AEDk7imFAQAA2x9xnnLrRgXDAxKLeMfIApvOZo4rBgnSPGYIuFEZ6q5op_MK&hTc6j8Njvn--z=q (1)
[17448:35908:1219/174626.003:INFO:CONSOLE(1)] "Canvas2D: Multiple readback operations using getImageData are faster with the willReadFrequently attribute set to true. See: https://html.spec.whatwg.org/multipage/canvas.html#concept-canvas-will-read-frequently", source: https://s20.tiktokcdn.com/tiktok/common/init.js?seed=AEDk7imFAQAA2x9xnnLrRgXDAxKLeMfIApvOZo4rBgnSPGYIuFEZ6q5op_MK&hTc6j8Njvn--z=q (1)
[17448:35908:1219/174631.595:INFO:CONSOLE(0)] "Uncaught (in promise) AbortError: The play() request was interrupted because the media was removed from the document. https://goo.gl/LdLk22", source: https://www.tiktok.com/@domedit.102/video/7177304639581326618?is_from_webapp=v1&item_id=7177304639581326618 (0)
[17448:35908:1219/174716.585:ERROR:interface_endpoint_client.cc(694)] Message 0 rejected by interface blink.mojom.WidgetHost
[17448:35908:1219/174717.206:INFO:CONSOLE(2)] "setTimer 清空数据", source: https://lf16-tiktok-web.ttwstatic.com/obj/tiktok-web/tiktok/webapp/main/webapp-desktop/npm-async-eb873fff.bbbd947fd4035f5fd0d2.js (2)
[17448:35908:1219/174717.206:INFO:CONSOLE(2)] "checkIsBrowser()  true", source: https://lf16-tiktok-web.ttwstatic.com/obj/tiktok-web/tiktok/webapp/main/webapp-desktop/npm-async-eb873fff.bbbd947fd4035f5fd0d2.js (2)
[17448:35908:1219/174717.344:INFO:CONSOLE(2)] "_initMp4Kernel.catch: TT-vCache-7178340591997029659 isDestroy:false _initPromise.isBreak:false Error: no_preload", source: https://lf16-tiktok-web.ttwstatic.com/obj/tiktok-web/tiktok/webapp/main/webapp-desktop/npm-async-eb873fff.bbbd947fd4035f5fd0d2.js (2)
[17448:35908:1219/174717.886:INFO:CONSOLE(1)] ".", source: https://sf16-secsdk.ttwstatic.com/obj/rc-web-sdk-gcs/webmssdk/1.0.0.460/webmssdk.js (1)
[17448:35908:1219/174718.158:INFO:CONSOLE(1)] "Canvas2D: Multiple readback operations using getImageData are faster with the willReadFrequently attribute set to true. See: https://html.spec.whatwg.org/multipage/canvas.html#concept-canvas-will-read-frequently", source: https://s20.tiktokcdn.com/tiktok/common/init.js?seed=AEDk7imFAQAA2x9xnnLrRgXDAxKLeMfIApvOZo4rBgnSPGYIuFEZ6q5op_MK&hTc6j8Njvn--z=q (1)
[17448:35908:1219/174718.391:INFO:CONSOLE(1)] "Canvas2D: Multiple readback operations using getImageData are faster with the willReadFrequently attribute set to true. See: https://html.spec.whatwg.org/multipage/canvas.html#concept-canvas-will-read-frequently", source: https://s20.tiktokcdn.com/tiktok/common/init.js?seed=AEDk7imFAQAA2x9xnnLrRgXDAxKLeMfIApvOZo4rBgnSPGYIuFEZ6q5op_MK&hTc6j8Njvn--z=q (1)
[17448:35908:1219/174718.450:INFO:CONSOLE(1)] "Canvas2D: Multiple readback operations using getImageData are faster with the willReadFrequently attribute set to true. See: https://html.spec.whatwg.org/multipage/canvas.html#concept-canvas-will-read-frequently", source: https://s20.tiktokcdn.com/tiktok/common/init.js?seed=AEDk7imFAQAA2x9xnnLrRgXDAxKLeMfIApvOZo4rBgnSPGYIuFEZ6q5op_MK&hTc6j8Njvn--z=q (1)
[17448:35908:1219/174809.192:INFO:CONSOLE(2)] "setTimer 清空数据", source: https://lf16-tiktok-web.ttwstatic.com/obj/tiktok-web/tiktok/webapp/main/webapp-desktop/npm-async-eb873fff.bbbd947fd4035f5fd0d2.js (2)
[17448:35908:1219/174809.192:INFO:CONSOLE(2)] "checkIsBrowser()  true", source: https://lf16-tiktok-web.ttwstatic.com/obj/tiktok-web/tiktok/webapp/main/webapp-desktop/npm-async-eb873fff.bbbd947fd4035f5fd0d2.js (2)
[17448:35908:1219/174809.335:INFO:CONSOLE(2)] "_initMp4Kernel.catch: TT-vCache-7178137557182483739 isDestroy:false _initPromise.isBreak:false Error: no_preload", source: https://lf16-tiktok-web.ttwstatic.com/obj/tiktok-web/tiktok/webapp/main/webapp-desktop/npm-async-eb873fff.bbbd947fd4035f5fd0d2.js (2)
[17448:35908:1219/174809.733:INFO:CONSOLE(1)] ".", source: https://sf16-secsdk.ttwstatic.com/obj/rc-web-sdk-gcs/webmssdk/1.0.0.460/webmssdk.js (1)
[17448:35908:1219/174810.029:INFO:CONSOLE(1)] "Canvas2D: Multiple readback operations using getImageData are faster with the willReadFrequently attribute set to true. See: https://html.spec.whatwg.org/multipage/canvas.html#concept-canvas-will-read-frequently", source: https://s20.tiktokcdn.com/tiktok/common/init.js?seed=AEDk7imFAQAA2x9xnnLrRgXDAxKLeMfIApvOZo4rBgnSPGYIuFEZ6q5op_MK&hTc6j8Njvn--z=q (1)
[17448:35908:1219/174810.431:INFO:CONSOLE(1)] "Canvas2D: Multiple readback operations using getImageData are faster with the willReadFrequently attribute set to true. See: https://html.spec.whatwg.org/multipage/canvas.html#concept-canvas-will-read-frequently", source: https://s20.tiktokcdn.com/tiktok/common/init.js?seed=AEDk7imFAQAA2x9xnnLrRgXDAxKLeMfIApvOZo4rBgnSPGYIuFEZ6q5op_MK&hTc6j8Njvn--z=q (1)
[17448:35908:1219/174810.450:INFO:CONSOLE(1)] "Canvas2D: Multiple readback operations using getImageData are faster with the willReadFrequently attribute set to true. See: https://html.spec.whatwg.org/multipage/canvas.html#concept-canvas-will-read-frequently", source: https://s20.tiktokcdn.com/tiktok/common/init.js?seed=AEDk7imFAQAA2x9xnnLrRgXDAxKLeMfIApvOZo4rBgnSPGYIuFEZ6q5op_MK&hTc6j8Njvn--z=q (1)
[17448:35908:1219/174900.822:ERROR:interface_endpoint_client.cc(694)] Message 0 rejected by interface blink.mojom.WidgetHost
[17448:35908:1219/174901.360:INFO:CONSOLE(2)] "setTimer 清空数据", source: https://lf16-tiktok-web.ttwstatic.com/obj/tiktok-web/tiktok/webapp/main/webapp-desktop/npm-async-eb873fff.bbbd947fd4035f5fd0d2.js (2)
[17448:35908:1219/174901.360:INFO:CONSOLE(2)] "checkIsBrowser()  true", source: https://lf16-tiktok-web.ttwstatic.com/obj/tiktok-web/tiktok/webapp/main/webapp-desktop/npm-async-eb873fff.bbbd947fd4035f5fd0d2.js (2)
[17448:35908:1219/174901.450:INFO:CONSOLE(2)] "_initMp4Kernel.catch: TT-vCache-7178266804307905818 isDestroy:false _initPromise.isBreak:false Error: no_preload", source: https://lf16-tiktok-web.ttwstatic.com/obj/tiktok-web/tiktok/webapp/main/webapp-desktop/npm-async-eb873fff.bbbd947fd4035f5fd0d2.js (2)
[17448:35908:1219/174901.724:INFO:CONSOLE(1)] ".", source: https://sf16-secsdk.ttwstatic.com/obj/rc-web-sdk-gcs/webmssdk/1.0.0.460/webmssdk.js (1)
[17448:35908:1219/174901.965:INFO:CONSOLE(1)] "Canvas2D: Multiple readback operations using getImageData are faster with the willReadFrequently attribute set to true. See: https://html.spec.whatwg.org/multipage/canvas.html#concept-canvas-will-read-frequently", source: https://s20.tiktokcdn.com/tiktok/common/init.js?seed=AEDk7imFAQAA2x9xnnLrRgXDAxKLeMfIApvOZo4rBgnSPGYIuFEZ6q5op_MK&hTc6j8Njvn--z=q (1)
[17448:35908:1219/174902.126:INFO:CONSOLE(1)] "Canvas2D: Multiple readback operations using getImageData are faster with the willReadFrequently attribute set to true. See: https://html.spec.whatwg.org/multipage/canvas.html#concept-canvas-will-read-frequently", source: https://s20.tiktokcdn.com/tiktok/common/init.js?seed=AEDk7imFAQAA2x9xnnLrRgXDAxKLeMfIApvOZo4rBgnSPGYIuFEZ6q5op_MK&hTc6j8Njvn--z=q (1)
[17448:35908:1219/174902.146:INFO:CONSOLE(1)] "Canvas2D: Multiple readback operations using getImageData are faster with the willReadFrequently attribute set to true. See: https://html.spec.whatwg.org/multipage/canvas.html#concept-canvas-will-read-frequently", source: https://s20.tiktokcdn.com/tiktok/common/init.js?seed=AEDk7imFAQAA2x9xnnLrRgXDAxKLeMfIApvOZo4rBgnSPGYIuFEZ6q5op_MK&hTc6j8Njvn--z=q (1)
[17448:35908:1219/174953.541:INFO:CONSOLE(2)] "setTimer 清空数据", source: https://lf16-tiktok-web.ttwstatic.com/obj/tiktok-web/tiktok/webapp/main/webapp-desktop/npm-async-eb873fff.bbbd947fd4035f5fd0d2.js (2)
[17448:35908:1219/174953.541:INFO:CONSOLE(2)] "checkIsBrowser()  true", source: https://lf16-tiktok-web.ttwstatic.com/obj/tiktok-web/tiktok/webapp/main/webapp-desktop/npm-async-eb873fff.bbbd947fd4035f5fd0d2.js (2)
[17448:35908:1219/174953.642:INFO:CONSOLE(2)] "_initMp4Kernel.catch: TT-vCache-7074523950386040110 isDestroy:false _initPromise.isBreak:false Error: no_preload", source: https://lf16-tiktok-web.ttwstatic.com/obj/tiktok-web/tiktok/webapp/main/webapp-desktop/npm-async-eb873fff.bbbd947fd4035f5fd0d2.js (2)
[17448:35908:1219/174953.972:INFO:CONSOLE(1)] ".", source: https://sf16-secsdk.ttwstatic.com/obj/rc-web-sdk-gcs/webmssdk/1.0.0.460/webmssdk.js (1)
[17448:35908:1219/174954.224:INFO:CONSOLE(1)] "Canvas2D: Multiple readback operations using getImageData are faster with the willReadFrequently attribute set to true. See: https://html.spec.whatwg.org/multipage/canvas.html#concept-canvas-will-read-frequently", source: https://s20.tiktokcdn.com/tiktok/common/init.js?seed=AEDk7imFAQAA2x9xnnLrRgXDAxKLeMfIApvOZo4rBgnSPGYIuFEZ6q5op_MK&hTc6j8Njvn--z=q (1)
[17448:35908:1219/174954.383:INFO:CONSOLE(1)] "Canvas2D: Multiple readback operations using getImageData are faster with the willReadFrequently attribute set to true. See: https://html.spec.whatwg.org/multipage/canvas.html#concept-canvas-will-read-frequently", source: https://s20.tiktokcdn.com/tiktok/common/init.js?seed=AEDk7imFAQAA2x9xnnLrRgXDAxKLeMfIApvOZo4rBgnSPGYIuFEZ6q5op_MK&hTc6j8Njvn--z=q (1)
[17448:35908:1219/174954.403:INFO:CONSOLE(1)] "Canvas2D: Multiple readback operations using getImageData are faster with the willReadFrequently attribute set to true. See: https://html.spec.whatwg.org/multipage/canvas.html#concept-canvas-will-read-frequently", source: https://s20.tiktokcdn.com/tiktok/common/init.js?seed=AEDk7imFAQAA2x9xnnLrRgXDAxKLeMfIApvOZo4rBgnSPGYIuFEZ6q5op_MK&hTc6j8Njvn--z=q (1)
[17448:35908:1219/174955.451:INFO:CONSOLE(0)] "Uncaught (in promise) AbortError: The play() request was interrupted because the media was removed from the document. https://goo.gl/LdLk22", source: https://www.tiktok.com/@van.thiem2002/video/7074523950386040110?is_from_webapp=v1&item_id=7074523950386040110 (0)
[17448:35908:1219/174955.513:INFO:CONSOLE(0)] "Uncaught (in promise) AbortError: The play() request was interrupted because the media was removed from the document. https://goo.gl/LdLk22", source: https://www.tiktok.com/@van.thiem2002/video/7074523950386040110?is_from_webapp=v1&item_id=7074523950386040110 (0)
[17448:35908:1219/174955.796:INFO:CONSOLE(0)] "Uncaught (in promise) AbortError: The play() request was interrupted because the media was removed from the document. https://goo.gl/LdLk22", source: https://www.tiktok.com/@van.thiem2002/video/7074523950386040110?is_from_webapp=v1&item_id=7074523950386040110 (0)
[17448:35908:1219/175045.608:INFO:CONSOLE(2)] "setTimer 清空数据", source: https://lf16-tiktok-web.ttwstatic.com/obj/tiktok-web/tiktok/webapp/main/webapp-desktop/npm-async-eb873fff.bbbd947fd4035f5fd0d2.js (2)
[17448:35908:1219/175045.608:INFO:CONSOLE(2)] "checkIsBrowser()  true", source: https://lf16-tiktok-web.ttwstatic.com/obj/tiktok-web/tiktok/webapp/main/webapp-desktop/npm-async-eb873fff.bbbd947fd4035f5fd0d2.js (2)
[17448:35908:1219/175045.708:INFO:CONSOLE(2)] "_initMp4Kernel.catch: TT-vCache-7178152125434793243 isDestroy:false _initPromise.isBreak:false Error: no_preload", source: https://lf16-tiktok-web.ttwstatic.com/obj/tiktok-web/tiktok/webapp/main/webapp-desktop/npm-async-eb873fff.bbbd947fd4035f5fd0d2.js (2)
[17448:35908:1219/175046.071:INFO:CONSOLE(1)] ".", source: https://sf16-secsdk.ttwstatic.com/obj/rc-web-sdk-gcs/webmssdk/1.0.0.460/webmssdk.js (1)
[17448:35908:1219/175046.278:INFO:CONSOLE(1)] "Canvas2D: Multiple readback operations using getImageData are faster with the willReadFrequently attribute set to true. See: https://html.spec.whatwg.org/multipage/canvas.html#concept-canvas-will-read-frequently", source: https://s20.tiktokcdn.com/tiktok/common/init.js?seed=AEDk7imFAQAA2x9xnnLrRgXDAxKLeMfIApvOZo4rBgnSPGYIuFEZ6q5op_MK&hTc6j8Njvn--z=q (1)
[17448:35908:1219/175046.468:INFO:CONSOLE(1)] "Canvas2D: Multiple readback operations using getImageData are faster with the willReadFrequently attribute set to true. See: https://html.spec.whatwg.org/multipage/canvas.html#concept-canvas-will-read-frequently", source: https://s20.tiktokcdn.com/tiktok/common/init.js?seed=AEDk7imFAQAA2x9xnnLrRgXDAxKLeMfIApvOZo4rBgnSPGYIuFEZ6q5op_MK&hTc6j8Njvn--z=q (1)
[17448:35908:1219/175046.514:INFO:CONSOLE(1)] "Canvas2D: Multiple readback operations using getImageData are faster with the willReadFrequently attribute set to true. See: https://html.spec.whatwg.org/multipage/canvas.html#concept-canvas-will-read-frequently", source: https://s20.tiktokcdn.com/tiktok/common/init.js?seed=AEDk7imFAQAA2x9xnnLrRgXDAxKLeMfIApvOZo4rBgnSPGYIuFEZ6q5op_MK&hTc6j8Njvn--z=q (1)
[17448:35908:1219/175049.375:INFO:CONSOLE(0)] "Uncaught (in promise) AbortError: The play() request was interrupted because the media was removed from the document. https://goo.gl/LdLk22", source: https://www.tiktok.com/@tranbaochauoffical/video/7178152125434793243?is_from_webapp=v1&item_id=7178152125434793243 (0)
[17448:35908:1219/175137.925:INFO:CONSOLE(2)] "setTimer 清空数据", source: https://lf16-tiktok-web.ttwstatic.com/obj/tiktok-web/tiktok/webapp/main/webapp-desktop/npm-async-eb873fff.bbbd947fd4035f5fd0d2.js (2)
[17448:35908:1219/175137.925:INFO:CONSOLE(2)] "checkIsBrowser()  true", source: https://lf16-tiktok-web.ttwstatic.com/obj/tiktok-web/tiktok/webapp/main/webapp-desktop/npm-async-eb873fff.bbbd947fd4035f5fd0d2.js (2)
[17448:35908:1219/175138.029:INFO:CONSOLE(2)] "_initMp4Kernel.catch: TT-vCache-7178080443865091354 isDestroy:false _initPromise.isBreak:false Error: no_preload", source: https://lf16-tiktok-web.ttwstatic.com/obj/tiktok-web/tiktok/webapp/main/webapp-desktop/npm-async-eb873fff.bbbd947fd4035f5fd0d2.js (2)
[17448:35908:1219/175138.430:INFO:CONSOLE(1)] ".", source: https://sf16-secsdk.ttwstatic.com/obj/rc-web-sdk-gcs/webmssdk/1.0.0.460/webmssdk.js (1)
[17448:35908:1219/175138.635:INFO:CONSOLE(1)] "Canvas2D: Multiple readback operations using getImageData are faster with the willReadFrequently attribute set to true. See: https://html.spec.whatwg.org/multipage/canvas.html#concept-canvas-will-read-frequently", source: https://s20.tiktokcdn.com/tiktok/common/init.js?seed=AEDk7imFAQAA2x9xnnLrRgXDAxKLeMfIApvOZo4rBgnSPGYIuFEZ6q5op_MK&hTc6j8Njvn--z=q (1)
[17448:35908:1219/175138.867:INFO:CONSOLE(1)] "Canvas2D: Multiple readback operations using getImageData are faster with the willReadFrequently attribute set to true. See: https://html.spec.whatwg.org/multipage/canvas.html#concept-canvas-will-read-frequently", source: https://s20.tiktokcdn.com/tiktok/common/init.js?seed=AEDk7imFAQAA2x9xnnLrRgXDAxKLeMfIApvOZo4rBgnSPGYIuFEZ6q5op_MK&hTc6j8Njvn--z=q (1)
[17448:35908:1219/175138.897:INFO:CONSOLE(1)] "Canvas2D: Multiple readback operations using getImageData are faster with the willReadFrequently attribute set to true. See: https://html.spec.whatwg.org/multipage/canvas.html#concept-canvas-will-read-frequently", source: https://s20.tiktokcdn.com/tiktok/common/init.js?seed=AEDk7imFAQAA2x9xnnLrRgXDAxKLeMfIApvOZo4rBgnSPGYIuFEZ6q5op_MK&hTc6j8Njvn--z=q (1)
[17448:35908:1219/175229.799:INFO:CONSOLE(2)] "setTimer 清空数据", source: https://lf16-tiktok-web.ttwstatic.com/obj/tiktok-web/tiktok/webapp/main/webapp-desktop/npm-async-eb873fff.bbbd947fd4035f5fd0d2.js (2)
[17448:35908:1219/175229.799:INFO:CONSOLE(2)] "checkIsBrowser()  true", source: https://lf16-tiktok-web.ttwstatic.com/obj/tiktok-web/tiktok/webapp/main/webapp-desktop/npm-async-eb873fff.bbbd947fd4035f5fd0d2.js (2)
[17448:35908:1219/175229.893:INFO:CONSOLE(2)] "_initMp4Kernel.catch: TT-vCache-7177315531433790747 isDestroy:false _initPromise.isBreak:false Error: no_preload", source: https://lf16-tiktok-web.ttwstatic.com/obj/tiktok-web/tiktok/webapp/main/webapp-desktop/npm-async-eb873fff.bbbd947fd4035f5fd0d2.js (2)
[17448:35908:1219/175230.171:INFO:CONSOLE(1)] ".", source: https://sf16-secsdk.ttwstatic.com/obj/rc-web-sdk-gcs/webmssdk/1.0.0.460/webmssdk.js (1)
[17448:35908:1219/175230.416:INFO:CONSOLE(1)] "Canvas2D: Multiple readback operations using getImageData are faster with the willReadFrequently attribute set to true. See: https://html.spec.whatwg.org/multipage/canvas.html#concept-canvas-will-read-frequently", source: https://s20.tiktokcdn.com/tiktok/common/init.js?seed=AEDk7imFAQAA2x9xnnLrRgXDAxKLeMfIApvOZo4rBgnSPGYIuFEZ6q5op_MK&hTc6j8Njvn--z=q (1)
[17448:35908:1219/175230.576:INFO:CONSOLE(1)] "Canvas2D: Multiple readback operations using getImageData are faster with the willReadFrequently attribute set to true. See: https://html.spec.whatwg.org/multipage/canvas.html#concept-canvas-will-read-frequently", source: https://s20.tiktokcdn.com/tiktok/common/init.js?seed=AEDk7imFAQAA2x9xnnLrRgXDAxKLeMfIApvOZo4rBgnSPGYIuFEZ6q5op_MK&hTc6j8Njvn--z=q (1)
[17448:35908:1219/175230.591:INFO:CONSOLE(1)] "Canvas2D: Multiple readback operations using getImageData are faster with the willReadFrequently attribute set to true. See: https://html.spec.whatwg.org/multipage/canvas.html#concept-canvas-will-read-frequently", source: https://s20.tiktokcdn.com/tiktok/common/init.js?seed=AEDk7imFAQAA2x9xnnLrRgXDAxKLeMfIApvOZo4rBgnSPGYIuFEZ6q5op_MK&hTc6j8Njvn--z=q (1)
[17448:35908:1219/175322.153:INFO:CONSOLE(2)] "setTimer 清空数据", source: https://lf16-tiktok-web.ttwstatic.com/obj/tiktok-web/tiktok/webapp/main/webapp-desktop/npm-async-eb873fff.bbbd947fd4035f5fd0d2.js (2)
[17448:35908:1219/175322.153:INFO:CONSOLE(2)] "checkIsBrowser()  true", source: https://lf16-tiktok-web.ttwstatic.com/obj/tiktok-web/tiktok/webapp/main/webapp-desktop/npm-async-eb873fff.bbbd947fd4035f5fd0d2.js (2)
[17448:35908:1219/175322.243:INFO:CONSOLE(2)] "_initMp4Kernel.catch: TT-vCache-7178073900234870043 isDestroy:false _initPromise.isBreak:false Error: no_preload", source: https://lf16-tiktok-web.ttwstatic.com/obj/tiktok-web/tiktok/webapp/main/webapp-desktop/npm-async-eb873fff.bbbd947fd4035f5fd0d2.js (2)
[17448:35908:1219/175322.519:INFO:CONSOLE(1)] ".", source: https://sf16-secsdk.ttwstatic.com/obj/rc-web-sdk-gcs/webmssdk/1.0.0.460/webmssdk.js (1)
[17448:35908:1219/175322.748:INFO:CONSOLE(1)] "Canvas2D: Multiple readback operations using getImageData are faster with the willReadFrequently attribute set to true. See: https://html.spec.whatwg.org/multipage/canvas.html#concept-canvas-will-read-frequently", source: https://s20.tiktokcdn.com/tiktok/common/init.js?seed=AEDk7imFAQAA2x9xnnLrRgXDAxKLeMfIApvOZo4rBgnSPGYIuFEZ6q5op_MK&hTc6j8Njvn--z=q (1)
[17448:35908:1219/175322.905:INFO:CONSOLE(1)] "Canvas2D: Multiple readback operations using getImageData are faster with the willReadFrequently attribute set to true. See: https://html.spec.whatwg.org/multipage/canvas.html#concept-canvas-will-read-frequently", source: https://s20.tiktokcdn.com/tiktok/common/init.js?seed=AEDk7imFAQAA2x9xnnLrRgXDAxKLeMfIApvOZo4rBgnSPGYIuFEZ6q5op_MK&hTc6j8Njvn--z=q (1)
[17448:35908:1219/175322.923:INFO:CONSOLE(1)] "Canvas2D: Multiple readback operations using getImageData are faster with the willReadFrequently attribute set to true. See: https://html.spec.whatwg.org/multipage/canvas.html#concept-canvas-will-read-frequently", source: https://s20.tiktokcdn.com/tiktok/common/init.js?seed=AEDk7imFAQAA2x9xnnLrRgXDAxKLeMfIApvOZo4rBgnSPGYIuFEZ6q5op_MK&hTc6j8Njvn--z=q (1)
[17448:35908:1219/175413.910:INFO:CONSOLE(2)] "setTimer 清空数据", source: https://lf16-tiktok-web.ttwstatic.com/obj/tiktok-web/tiktok/webapp/main/webapp-desktop/npm-async-eb873fff.bbbd947fd4035f5fd0d2.js (2)
[17448:35908:1219/175413.910:INFO:CONSOLE(2)] "checkIsBrowser()  true", source: https://lf16-tiktok-web.ttwstatic.com/obj/tiktok-web/tiktok/webapp/main/webapp-desktop/npm-async-eb873fff.bbbd947fd4035f5fd0d2.js (2)
[17448:35908:1219/175414.006:INFO:CONSOLE(2)] "_initMp4Kernel.catch: TT-vCache-7178605680021032194 isDestroy:false _initPromise.isBreak:false Error: no_preload", source: https://lf16-tiktok-web.ttwstatic.com/obj/tiktok-web/tiktok/webapp/main/webapp-desktop/npm-async-eb873fff.bbbd947fd4035f5fd0d2.js (2)
[17448:35908:1219/175414.357:INFO:CONSOLE(1)] ".", source: https://sf16-secsdk.ttwstatic.com/obj/rc-web-sdk-gcs/webmssdk/1.0.0.460/webmssdk.js (1)
[17448:35908:1219/175414.543:INFO:CONSOLE(1)] "Canvas2D: Multiple readback operations using getImageData are faster with the willReadFrequently attribute set to true. See: https://html.spec.whatwg.org/multipage/canvas.html#concept-canvas-will-read-frequently", source: https://s20.tiktokcdn.com/tiktok/common/init.js?seed=AEDk7imFAQAA2x9xnnLrRgXDAxKLeMfIApvOZo4rBgnSPGYIuFEZ6q5op_MK&hTc6j8Njvn--z=q (1)
[17448:35908:1219/175414.719:INFO:CONSOLE(1)] "Canvas2D: Multiple readback operations using getImageData are faster with the willReadFrequently attribute set to true. See: https://html.spec.whatwg.org/multipage/canvas.html#concept-canvas-will-read-frequently", source: https://s20.tiktokcdn.com/tiktok/common/init.js?seed=AEDk7imFAQAA2x9xnnLrRgXDAxKLeMfIApvOZo4rBgnSPGYIuFEZ6q5op_MK&hTc6j8Njvn--z=q (1)
[17448:35908:1219/175414.744:INFO:CONSOLE(1)] "Canvas2D: Multiple readback operations using getImageData are faster with the willReadFrequently attribute set to true. See: https://html.spec.whatwg.org/multipage/canvas.html#concept-canvas-will-read-frequently", source: https://s20.tiktokcdn.com/tiktok/common/init.js?seed=AEDk7imFAQAA2x9xnnLrRgXDAxKLeMfIApvOZo4rBgnSPGYIuFEZ6q5op_MK&hTc6j8Njvn--z=q (1)
[17448:35908:1219/175506.257:INFO:CONSOLE(2)] "setTimer 清空数据", source: https://lf16-tiktok-web.ttwstatic.com/obj/tiktok-web/tiktok/webapp/main/webapp-desktop/npm-async-eb873fff.bbbd947fd4035f5fd0d2.js (2)
[17448:35908:1219/175506.257:INFO:CONSOLE(2)] "checkIsBrowser()  true", source: https://lf16-tiktok-web.ttwstatic.com/obj/tiktok-web/tiktok/webapp/main/webapp-desktop/npm-async-eb873fff.bbbd947fd4035f5fd0d2.js (2)
[17448:35908:1219/175506.376:INFO:CONSOLE(2)] "_initMp4Kernel.catch: TT-vCache-7178399089321790722 isDestroy:false _initPromise.isBreak:false Error: no_preload", source: https://lf16-tiktok-web.ttwstatic.com/obj/tiktok-web/tiktok/webapp/main/webapp-desktop/npm-async-eb873fff.bbbd947fd4035f5fd0d2.js (2)
[17448:35908:1219/175506.837:INFO:CONSOLE(1)] ".", source: https://sf16-secsdk.ttwstatic.com/obj/rc-web-sdk-gcs/webmssdk/1.0.0.460/webmssdk.js (1)
[17448:35908:1219/175507.063:INFO:CONSOLE(1)] "Canvas2D: Multiple readback operations using getImageData are faster with the willReadFrequently attribute set to true. See: https://html.spec.whatwg.org/multipage/canvas.html#concept-canvas-will-read-frequently", source: https://s20.tiktokcdn.com/tiktok/common/init.js?seed=AEDk7imFAQAA2x9xnnLrRgXDAxKLeMfIApvOZo4rBgnSPGYIuFEZ6q5op_MK&hTc6j8Njvn--z=q (1)
[17448:35908:1219/175507.380:INFO:CONSOLE(1)] "Canvas2D: Multiple readback operations using getImageData are faster with the willReadFrequently attribute set to true. See: https://html.spec.whatwg.org/multipage/canvas.html#concept-canvas-will-read-frequently", source: https://s20.tiktokcdn.com/tiktok/common/init.js?seed=AEDk7imFAQAA2x9xnnLrRgXDAxKLeMfIApvOZo4rBgnSPGYIuFEZ6q5op_MK&hTc6j8Njvn--z=q (1)
[17448:35908:1219/175507.491:INFO:CONSOLE(1)] "Canvas2D: Multiple readback operations using getImageData are faster with the willReadFrequently attribute set to true. See: https://html.spec.whatwg.org/multipage/canvas.html#concept-canvas-will-read-frequently", source: https://s20.tiktokcdn.com/tiktok/common/init.js?seed=AEDk7imFAQAA2x9xnnLrRgXDAxKLeMfIApvOZo4rBgnSPGYIuFEZ6q5op_MK&hTc6j8Njvn--z=q (1)
[17448:35908:1219/175558.310:INFO:CONSOLE(2)] "setTimer 清空数据", source: https://lf16-tiktok-web.ttwstatic.com/obj/tiktok-web/tiktok/webapp/main/webapp-desktop/npm-async-eb873fff.bbbd947fd4035f5fd0d2.js (2)
[17448:35908:1219/175558.310:INFO:CONSOLE(2)] "checkIsBrowser()  true", source: https://lf16-tiktok-web.ttwstatic.com/obj/tiktok-web/tiktok/webapp/main/webapp-desktop/npm-async-eb873fff.bbbd947fd4035f5fd0d2.js (2)
[17448:35908:1219/175558.415:INFO:CONSOLE(2)] "_initMp4Kernel.catch: TT-vCache-7177276488624950529 isDestroy:false _initPromise.isBreak:false Error: no_preload", source: https://lf16-tiktok-web.ttwstatic.com/obj/tiktok-web/tiktok/webapp/main/webapp-desktop/npm-async-eb873fff.bbbd947fd4035f5fd0d2.js (2)
[17448:35908:1219/175558.734:INFO:CONSOLE(1)] ".", source: https://sf16-secsdk.ttwstatic.com/obj/rc-web-sdk-gcs/webmssdk/1.0.0.460/webmssdk.js (1)
[17448:35908:1219/175559.064:INFO:CONSOLE(1)] "Canvas2D: Multiple readback operations using getImageData are faster with the willReadFrequently attribute set to true. See: https://html.spec.whatwg.org/multipage/canvas.html#concept-canvas-will-read-frequently", source: https://s20.tiktokcdn.com/tiktok/common/init.js?seed=AEDk7imFAQAA2x9xnnLrRgXDAxKLeMfIApvOZo4rBgnSPGYIuFEZ6q5op_MK&hTc6j8Njvn--z=q (1)
[17448:35908:1219/175559.395:INFO:CONSOLE(1)] "Canvas2D: Multiple readback operations using getImageData are faster with the willReadFrequently attribute set to true. See: https://html.spec.whatwg.org/multipage/canvas.html#concept-canvas-will-read-frequently", source: https://s20.tiktokcdn.com/tiktok/common/init.js?seed=AEDk7imFAQAA2x9xnnLrRgXDAxKLeMfIApvOZo4rBgnSPGYIuFEZ6q5op_MK&hTc6j8Njvn--z=q (1)
[17448:35908:1219/175559.423:INFO:CONSOLE(1)] "Canvas2D: Multiple readback operations using getImageData are faster with the willReadFrequently attribute set to true. See: https://html.spec.whatwg.org/multipage/canvas.html#concept-canvas-will-read-frequently", source: https://s20.tiktokcdn.com/tiktok/common/init.js?seed=AEDk7imFAQAA2x9xnnLrRgXDAxKLeMfIApvOZo4rBgnSPGYIuFEZ6q5op_MK&hTc6j8Njvn--z=q (1)
[17448:35908:1219/175650.100:INFO:CONSOLE(2)] "setTimer 清空数据", source: https://lf16-tiktok-web.ttwstatic.com/obj/tiktok-web/tiktok/webapp/main/webapp-desktop/npm-async-eb873fff.bbbd947fd4035f5fd0d2.js (2)
[17448:35908:1219/175650.100:INFO:CONSOLE(2)] "checkIsBrowser()  true", source: https://lf16-tiktok-web.ttwstatic.com/obj/tiktok-web/tiktok/webapp/main/webapp-desktop/npm-async-eb873fff.bbbd947fd4035f5fd0d2.js (2)
[17448:35908:1219/175650.192:INFO:CONSOLE(2)] "_initMp4Kernel.catch: TT-vCache-7177714075168738587 isDestroy:false _initPromise.isBreak:false Error: no_preload", source: https://lf16-tiktok-web.ttwstatic.com/obj/tiktok-web/tiktok/webapp/main/webapp-desktop/npm-async-eb873fff.bbbd947fd4035f5fd0d2.js (2)
[17448:35908:1219/175650.466:INFO:CONSOLE(1)] ".", source: https://sf16-secsdk.ttwstatic.com/obj/rc-web-sdk-gcs/webmssdk/1.0.0.460/webmssdk.js (1)
[17448:35908:1219/175650.689:INFO:CONSOLE(1)] "Canvas2D: Multiple readback operations using getImageData are faster with the willReadFrequently attribute set to true. See: https://html.spec.whatwg.org/multipage/canvas.html#concept-canvas-will-read-frequently", source: https://s20.tiktokcdn.com/tiktok/common/init.js?seed=AEDk7imFAQAA2x9xnnLrRgXDAxKLeMfIApvOZo4rBgnSPGYIuFEZ6q5op_MK&hTc6j8Njvn--z=q (1)
[17448:35908:1219/175650.840:INFO:CONSOLE(1)] "Canvas2D: Multiple readback operations using getImageData are faster with the willReadFrequently attribute set to true. See: https://html.spec.whatwg.org/multipage/canvas.html#concept-canvas-will-read-frequently", source: https://s20.tiktokcdn.com/tiktok/common/init.js?seed=AEDk7imFAQAA2x9xnnLrRgXDAxKLeMfIApvOZo4rBgnSPGYIuFEZ6q5op_MK&hTc6j8Njvn--z=q (1)
[17448:35908:1219/175650.853:INFO:CONSOLE(1)] "Canvas2D: Multiple readback operations using getImageData are faster with the willReadFrequently attribute set to true. See: https://html.spec.whatwg.org/multipage/canvas.html#concept-canvas-will-read-frequently", source: https://s20.tiktokcdn.com/tiktok/common/init.js?seed=AEDk7imFAQAA2x9xnnLrRgXDAxKLeMfIApvOZo4rBgnSPGYIuFEZ6q5op_MK&hTc6j8Njvn--z=q (1)
[17448:35908:1219/175742.796:INFO:CONSOLE(2)] "setTimer 清空数据", source: https://lf16-tiktok-web.ttwstatic.com/obj/tiktok-web/tiktok/webapp/main/webapp-desktop/npm-async-eb873fff.bbbd947fd4035f5fd0d2.js (2)
[17448:35908:1219/175742.796:INFO:CONSOLE(2)] "checkIsBrowser()  true", source: https://lf16-tiktok-web.ttwstatic.com/obj/tiktok-web/tiktok/webapp/main/webapp-desktop/npm-async-eb873fff.bbbd947fd4035f5fd0d2.js (2)
[17448:35908:1219/175742.891:INFO:CONSOLE(2)] "_initMp4Kernel.catch: TT-vCache-7177222713105272091 isDestroy:false _initPromise.isBreak:false Error: no_preload", source: https://lf16-tiktok-web.ttwstatic.com/obj/tiktok-web/tiktok/webapp/main/webapp-desktop/npm-async-eb873fff.bbbd947fd4035f5fd0d2.js (2)
[17448:35908:1219/175743.161:INFO:CONSOLE(1)] ".", source: https://sf16-secsdk.ttwstatic.com/obj/rc-web-sdk-gcs/webmssdk/1.0.0.460/webmssdk.js (1)
[17448:35908:1219/175743.382:INFO:CONSOLE(1)] "Canvas2D: Multiple readback operations using getImageData are faster with the willReadFrequently attribute set to true. See: https://html.spec.whatwg.org/multipage/canvas.html#concept-canvas-will-read-frequently", source: https://s20.tiktokcdn.com/tiktok/common/init.js?seed=AEDk7imFAQAA2x9xnnLrRgXDAxKLeMfIApvOZo4rBgnSPGYIuFEZ6q5op_MK&hTc6j8Njvn--z=q (1)
[17448:35908:1219/175743.555:INFO:CONSOLE(1)] "Canvas2D: Multiple readback operations using getImageData are faster with the willReadFrequently attribute set to true. See: https://html.spec.whatwg.org/multipage/canvas.html#concept-canvas-will-read-frequently", source: https://s20.tiktokcdn.com/tiktok/common/init.js?seed=AEDk7imFAQAA2x9xnnLrRgXDAxKLeMfIApvOZo4rBgnSPGYIuFEZ6q5op_MK&hTc6j8Njvn--z=q (1)
[17448:35908:1219/175743.568:INFO:CONSOLE(1)] "Canvas2D: Multiple readback operations using getImageData are faster with the willReadFrequently attribute set to true. See: https://html.spec.whatwg.org/multipage/canvas.html#concept-canvas-will-read-frequently", source: https://s20.tiktokcdn.com/tiktok/common/init.js?seed=AEDk7imFAQAA2x9xnnLrRgXDAxKLeMfIApvOZo4rBgnSPGYIuFEZ6q5op_MK&hTc6j8Njvn--z=q (1)
[17448:35908:1219/175834.168:INFO:CONSOLE(2)] "setTimer 清空数据", source: https://lf16-tiktok-web.ttwstatic.com/obj/tiktok-web/tiktok/webapp/main/webapp-desktop/npm-async-eb873fff.bbbd947fd4035f5fd0d2.js (2)
[17448:35908:1219/175834.168:INFO:CONSOLE(2)] "checkIsBrowser()  true", source: https://lf16-tiktok-web.ttwstatic.com/obj/tiktok-web/tiktok/webapp/main/webapp-desktop/npm-async-eb873fff.bbbd947fd4035f5fd0d2.js (2)
[17448:35908:1219/175834.262:INFO:CONSOLE(2)] "_initMp4Kernel.catch: TT-vCache-7177359644917124378 isDestroy:false _initPromise.isBreak:false Error: no_preload", source: https://lf16-tiktok-web.ttwstatic.com/obj/tiktok-web/tiktok/webapp/main/webapp-desktop/npm-async-eb873fff.bbbd947fd4035f5fd0d2.js (2)
[17448:35908:1219/175834.554:INFO:CONSOLE(1)] ".", source: https://sf16-secsdk.ttwstatic.com/obj/rc-web-sdk-gcs/webmssdk/1.0.0.460/webmssdk.js (1)
[17448:35908:1219/175834.793:INFO:CONSOLE(1)] "Canvas2D: Multiple readback operations using getImageData are faster with the willReadFrequently attribute set to true. See: https://html.spec.whatwg.org/multipage/canvas.html#concept-canvas-will-read-frequently", source: https://s20.tiktokcdn.com/tiktok/common/init.js?seed=AEDk7imFAQAA2x9xnnLrRgXDAxKLeMfIApvOZo4rBgnSPGYIuFEZ6q5op_MK&hTc6j8Njvn--z=q (1)
[17448:35908:1219/175834.946:INFO:CONSOLE(1)] "Canvas2D: Multiple readback operations using getImageData are faster with the willReadFrequently attribute set to true. See: https://html.spec.whatwg.org/multipage/canvas.html#concept-canvas-will-read-frequently", source: https://s20.tiktokcdn.com/tiktok/common/init.js?seed=AEDk7imFAQAA2x9xnnLrRgXDAxKLeMfIApvOZo4rBgnSPGYIuFEZ6q5op_MK&hTc6j8Njvn--z=q (1)
[17448:35908:1219/175834.961:INFO:CONSOLE(1)] "Canvas2D: Multiple readback operations using getImageData are faster with the willReadFrequently attribute set to true. See: https://html.spec.whatwg.org/multipage/canvas.html#concept-canvas-will-read-frequently", source: https://s20.tiktokcdn.com/tiktok/common/init.js?seed=AEDk7imFAQAA2x9xnnLrRgXDAxKLeMfIApvOZo4rBgnSPGYIuFEZ6q5op_MK&hTc6j8Njvn--z=q (1)
[17448:35908:1219/180007.243:WARNING:pref_notifier_impl.cc(41)] Pref observer for media_router.cast_allow_all_ips found at shutdown.
